{"/Users/qiangmingliang/Documents/frontend-admin-template/src/api/auth.ts": {"path":"/Users/qiangmingliang/Documents/frontend-admin-template/src/api/auth.ts","statementMap":{"0":{"start":{"line":1,"column":0},"end":{"line":null,"column":-1}},"1":{"start":{"line":5,"column":2},"end":{"line":null,"column":-1}},"2":{"start":{"line":14,"column":2},"end":{"line":null,"column":-1}},"3":{"start":{"line":23,"column":2},"end":{"line":null,"column":-1}},"4":{"start":{"line":32,"column":2},"end":{"line":null,"column":-1}},"5":{"start":{"line":40,"column":2},"end":{"line":null,"column":-1}},"6":{"start":{"line":48,"column":2},"end":{"line":null,"column":-1}},"7":{"start":{"line":55,"column":2},"end":{"line":null,"column":-1}}},"fnMap":{"0":{"name":"signIn","decl":{"start":{"line":4,"column":16},"end":{"line":4,"column":6}},"loc":{"start":{"line":4,"column":36},"end":{"line":11,"column":1}}},"1":{"name":"register","decl":{"start":{"line":13,"column":16},"end":{"line":13,"column":6}},"loc":{"start":{"line":13,"column":40},"end":{"line":20,"column":1}}},"2":{"name":"resetPassword","decl":{"start":{"line":22,"column":16},"end":{"line":22,"column":6}},"loc":{"start":{"line":22,"column":43},"end":{"line":29,"column":1}}},"3":{"name":"signOut","decl":{"start":{"line":31,"column":16},"end":{"line":31,"column":6}},"loc":{"start":{"line":31,"column":23},"end":{"line":37,"column":1}}},"4":{"name":"getHash","decl":{"start":{"line":39,"column":16},"end":{"line":39,"column":6}},"loc":{"start":{"line":39,"column":23},"end":{"line":45,"column":1}}},"5":{"name":"getUserInfo","decl":{"start":{"line":47,"column":16},"end":{"line":47,"column":6}},"loc":{"start":{"line":47,"column":27},"end":{"line":52,"column":1}}},"6":{"name":"sendCode","decl":{"start":{"line":54,"column":16},"end":{"line":54,"column":6}},"loc":{"start":{"line":54,"column":58},"end":{"line":61,"column":1}}}},"branchMap":{},"s":{"0":6,"1":1,"2":1,"3":1,"4":1,"5":1,"6":1,"7":3},"f":{"0":1,"1":1,"2":1,"3":1,"4":1,"5":1,"6":3},"b":{}}
,"/Users/qiangmingliang/Documents/frontend-admin-template/src/components/Breadcrumb/index.vue": {"path":"/Users/qiangmingliang/Documents/frontend-admin-template/src/components/Breadcrumb/index.vue","statementMap":{"0":{"start":{"line":31,"column":0},"end":{"line":null,"column":-1}},"1":{"start":{"line":33,"column":0},"end":{"line":null,"column":-1}},"2":{"start":{"line":36,"column":0},"end":{"line":null,"column":-1}},"3":{"start":{"line":39,"column":0},"end":{"line":null,"column":-1}},"4":{"start":{"line":41,"column":0},"end":{"line":null,"column":-1}},"5":{"start":{"line":48,"column":0},"end":{"line":null,"column":-1}},"6":{"start":{"line":49,"column":0},"end":{"line":null,"column":-1}},"7":{"start":{"line":52,"column":0},"end":{"line":null,"column":-1}},"8":{"start":{"line":55,"column":0},"end":{"line":null,"column":-1}},"9":{"start":{"line":56,"column":0},"end":{"line":null,"column":-1}},"10":{"start":{"line":57,"column":0},"end":{"line":null,"column":-1}},"11":{"start":{"line":58,"column":0},"end":{"line":null,"column":-1}},"12":{"start":{"line":61,"column":0},"end":{"line":null,"column":-1}},"13":{"start":{"line":62,"column":0},"end":{"line":70,"column":0}},"14":{"start":{"line":63,"column":0},"end":{"line":64,"column":0}},"15":{"start":{"line":69,"column":0},"end":{"line":null,"column":-1}},"16":{"start":{"line":71,"column":0},"end":{"line":null,"column":-1}},"17":{"start":{"line":47,"column":0},"end":{"line":null,"column":-1}}},"fnMap":{"0":{"name":"(anonymous_1)","decl":{"start":{"line":35,"column":0},"end":{"line":null,"column":-1}},"loc":{"start":{"line":35,"column":0},"end":{"line":73,"column":0}}},"1":{"name":"(anonymous_2)","decl":{"start":{"line":40,"column":0},"end":{"line":null,"column":-1}},"loc":{"start":{"line":40,"column":0},"end":{"line":45,"column":0}}},"2":{"name":"(anonymous_3)","decl":{"start":{"line":47,"column":0},"end":{"line":null,"column":-1}},"loc":{"start":{"line":47,"column":0},"end":{"line":50,"column":0}}},"3":{"name":"(anonymous_4)","decl":{"start":{"line":51,"column":0},"end":{"line":null,"column":-1}},"loc":{"start":{"line":51,"column":0},"end":{"line":53,"column":0}}},"4":{"name":"(anonymous_5)","decl":{"start":{"line":54,"column":0},"end":{"line":null,"column":-1}},"loc":{"start":{"line":54,"column":0},"end":{"line":59,"column":0}}},"5":{"name":"(anonymous_6)","decl":{"start":{"line":56,"column":0},"end":{"line":null,"column":-1}},"loc":{"start":{"line":56,"column":0},"end":{"line":null,"column":-1}}},"6":{"name":"(anonymous_7)","decl":{"start":{"line":60,"column":0},"end":{"line":null,"column":-1}},"loc":{"start":{"line":60,"column":0},"end":{"line":72,"column":0}}}},"branchMap":{"0":{"loc":{"start":{"line":49,"column":0},"end":{"line":null,"column":-1}},"type":"binary-expr","locations":[{"start":{"line":49,"column":0},"end":{"line":null,"column":-1}},{"start":{"line":49,"column":0},"end":{"line":null,"column":-1}}]},"1":{"loc":{"start":{"line":62,"column":0},"end":{"line":70,"column":0}},"type":"if","locations":[{"start":{"line":62,"column":0},"end":{"line":70,"column":0}},{"start":{"line":62,"column":0},"end":{"line":70,"column":0}}]},"2":{"loc":{"start":{"line":62,"column":0},"end":{"line":null,"column":-1}},"type":"binary-expr","locations":[{"start":{"line":62,"column":0},"end":{"line":null,"column":-1}},{"start":{"line":62,"column":0},"end":{"line":null,"column":-1}}]}},"s":{"0":4,"1":4,"2":8,"3":3,"4":3,"5":1,"6":1,"7":3,"8":5,"9":5,"10":5,"11":5,"12":5,"13":5,"14":1,"15":1,"16":5,"17":4},"f":{"0":3,"1":3,"2":1,"3":3,"4":5,"5":0,"6":5},"b":{"0":[1,1],"1":[1,4],"2":[5,1]}}
,"/Users/qiangmingliang/Documents/frontend-admin-template/src/components/Hamburger/index.vue": {"path":"/Users/qiangmingliang/Documents/frontend-admin-template/src/components/Hamburger/index.vue","statementMap":{"0":{"start":{"line":16,"column":0},"end":{"line":null,"column":-1}},"1":{"start":{"line":17,"column":0},"end":{"line":null,"column":-1}},"2":{"start":{"line":19,"column":0},"end":{"line":null,"column":-1}},"3":{"start":{"line":22,"column":0},"end":{"line":null,"column":-1}},"4":{"start":{"line":23,"column":0},"end":{"line":null,"column":-1}},"5":{"start":{"line":24,"column":0},"end":{"line":null,"column":-1}}},"fnMap":{},"branchMap":{},"s":{"0":3,"1":3,"2":3,"3":6,"4":3,"5":3},"f":{},"b":{}}
,"/Users/qiangmingliang/Documents/frontend-admin-template/src/components/PageLoading/index.vue": {"path":"/Users/qiangmingliang/Documents/frontend-admin-template/src/components/PageLoading/index.vue","statementMap":{"0":{"start":{"line":11,"column":0},"end":{"line":null,"column":-1}},"1":{"start":{"line":13,"column":0},"end":{"line":null,"column":-1}},"2":{"start":{"line":15,"column":0},"end":{"line":null,"column":-1}},"3":{"start":{"line":18,"column":0},"end":{"line":null,"column":-1}},"4":{"start":{"line":19,"column":0},"end":{"line":null,"column":-1}}},"fnMap":{},"branchMap":{},"s":{"0":3,"1":3,"2":3,"3":6,"4":3},"f":{},"b":{}}
,"/Users/qiangmingliang/Documents/frontend-admin-template/src/components/Refresh/index.vue": {"path":"/Users/qiangmingliang/Documents/frontend-admin-template/src/components/Refresh/index.vue","statementMap":{"0":{"start":{"line":11,"column":0},"end":{"line":null,"column":-1}},"1":{"start":{"line":14,"column":0},"end":{"line":null,"column":-1}},"2":{"start":{"line":16,"column":0},"end":{"line":null,"column":-1}}},"fnMap":{"0":{"name":"(anonymous_1)","decl":{"start":{"line":15,"column":0},"end":{"line":null,"column":-1}},"loc":{"start":{"line":15,"column":0},"end":{"line":17,"column":0}}}},"branchMap":{},"s":{"0":4,"1":8,"2":1},"f":{"0":1},"b":{}}
,"/Users/qiangmingliang/Documents/frontend-admin-template/src/components/Screenfull/index.vue": {"path":"/Users/qiangmingliang/Documents/frontend-admin-template/src/components/Screenfull/index.vue","statementMap":{"0":{"start":{"line":11,"column":0},"end":{"line":null,"column":-1}},"1":{"start":{"line":12,"column":0},"end":{"line":null,"column":-1}},"2":{"start":{"line":15,"column":0},"end":{"line":null,"column":-1}},"3":{"start":{"line":18,"column":0},"end":{"line":null,"column":-1}},"4":{"start":{"line":23,"column":0},"end":{"line":29,"column":0}},"5":{"start":{"line":24,"column":0},"end":{"line":null,"column":-1}},"6":{"start":{"line":28,"column":0},"end":{"line":null,"column":-1}},"7":{"start":{"line":30,"column":0},"end":{"line":null,"column":-1}}},"fnMap":{"0":{"name":"(anonymous_1)","decl":{"start":{"line":17,"column":0},"end":{"line":null,"column":-1}},"loc":{"start":{"line":17,"column":0},"end":{"line":21,"column":0}}},"1":{"name":"(anonymous_2)","decl":{"start":{"line":22,"column":0},"end":{"line":null,"column":-1}},"loc":{"start":{"line":22,"column":0},"end":{"line":31,"column":0}}}},"branchMap":{"0":{"loc":{"start":{"line":23,"column":0},"end":{"line":29,"column":0}},"type":"if","locations":[{"start":{"line":23,"column":0},"end":{"line":29,"column":0}},{"start":{"line":23,"column":0},"end":{"line":29,"column":0}}]}},"s":{"0":4,"1":4,"2":8,"3":1,"4":2,"5":1,"6":1,"7":1},"f":{"0":1,"1":2},"b":{"0":[1,1]}}
,"/Users/qiangmingliang/Documents/frontend-admin-template/src/components/ScrollPane/index.vue": {"path":"/Users/qiangmingliang/Documents/frontend-admin-template/src/components/ScrollPane/index.vue","statementMap":{"0":{"start":{"line":18,"column":0},"end":{"line":null,"column":-1}},"1":{"start":{"line":20,"column":0},"end":{"line":null,"column":-1}},"2":{"start":{"line":23,"column":0},"end":{"line":null,"column":-1}},"3":{"start":{"line":26,"column":0},"end":{"line":null,"column":-1}},"4":{"start":{"line":31,"column":0},"end":{"line":null,"column":-1}},"5":{"start":{"line":32,"column":0},"end":{"line":null,"column":-1}},"6":{"start":{"line":33,"column":0},"end":{"line":null,"column":-1}},"7":{"start":{"line":34,"column":0},"end":{"line":null,"column":-1}},"8":{"start":{"line":35,"column":0},"end":{"line":null,"column":-1}},"9":{"start":{"line":36,"column":0},"end":{"line":40,"column":0}},"10":{"start":{"line":37,"column":0},"end":{"line":null,"column":-1}},"11":{"start":{"line":39,"column":0},"end":{"line":null,"column":-1}},"12":{"start":{"line":47,"column":0},"end":{"line":55,"column":0}},"13":{"start":{"line":48,"column":0},"end":{"line":null,"column":-1}},"14":{"start":{"line":54,"column":0},"end":{"line":null,"column":-1}},"15":{"start":{"line":62,"column":0},"end":{"line":69,"column":0}},"16":{"start":{"line":63,"column":0},"end":{"line":null,"column":-1}},"17":{"start":{"line":65,"column":0},"end":{"line":null,"column":-1}},"18":{"start":{"line":72,"column":0},"end":{"line":null,"column":-1}},"19":{"start":{"line":73,"column":0},"end":{"line":null,"column":-1}},"20":{"start":{"line":74,"column":0},"end":{"line":null,"column":-1}},"21":{"start":{"line":75,"column":0},"end":{"line":null,"column":-1}},"22":{"start":{"line":76,"column":0},"end":{"line":null,"column":-1}},"23":{"start":{"line":83,"column":0},"end":{"line":94,"column":0}},"24":{"start":{"line":85,"column":0},"end":{"line":null,"column":-1}},"25":{"start":{"line":86,"column":0},"end":{"line":94,"column":0}},"26":{"start":{"line":93,"column":0},"end":{"line":null,"column":-1}}},"fnMap":{"0":{"name":"(anonymous_1)","decl":{"start":{"line":25,"column":0},"end":{"line":null,"column":-1}},"loc":{"start":{"line":25,"column":0},"end":{"line":29,"column":0}}},"1":{"name":"(anonymous_2)","decl":{"start":{"line":30,"column":0},"end":{"line":null,"column":-1}},"loc":{"start":{"line":30,"column":0},"end":{"line":41,"column":0}}},"2":{"name":"(anonymous_3)","decl":{"start":{"line":42,"column":0},"end":{"line":null,"column":-1}},"loc":{"start":{"line":42,"column":0},"end":{"line":56,"column":0}}},"3":{"name":"(anonymous_4)","decl":{"start":{"line":57,"column":0},"end":{"line":null,"column":-1}},"loc":{"start":{"line":57,"column":0},"end":{"line":70,"column":0}}},"4":{"name":"(anonymous_5)","decl":{"start":{"line":71,"column":0},"end":{"line":null,"column":-1}},"loc":{"start":{"line":71,"column":0},"end":{"line":77,"column":0}}},"5":{"name":"(anonymous_6)","decl":{"start":{"line":78,"column":0},"end":{"line":null,"column":-1}},"loc":{"start":{"line":78,"column":0},"end":{"line":95,"column":0}}}},"branchMap":{"0":{"loc":{"start":{"line":31,"column":0},"end":{"line":null,"column":-1}},"type":"binary-expr","locations":[{"start":{"line":31,"column":0},"end":{"line":null,"column":-1}},{"start":{"line":31,"column":0},"end":{"line":null,"column":-1}}]},"1":{"loc":{"start":{"line":36,"column":0},"end":{"line":40,"column":0}},"type":"if","locations":[{"start":{"line":36,"column":0},"end":{"line":40,"column":0}},{"start":{"line":36,"column":0},"end":{"line":40,"column":0}}]},"2":{"loc":{"start":{"line":47,"column":0},"end":{"line":55,"column":0}},"type":"if","locations":[{"start":{"line":47,"column":0},"end":{"line":55,"column":0}},{"start":{"line":47,"column":0},"end":{"line":55,"column":0}}]},"3":{"loc":{"start":{"line":62,"column":0},"end":{"line":69,"column":0}},"type":"if","locations":[{"start":{"line":62,"column":0},"end":{"line":69,"column":0}},{"start":{"line":62,"column":0},"end":{"line":69,"column":0}}]},"4":{"loc":{"start":{"line":83,"column":0},"end":{"line":94,"column":0}},"type":"if","locations":[{"start":{"line":83,"column":0},"end":{"line":94,"column":0}},{"start":{"line":83,"column":0},"end":{"line":94,"column":0}}]},"5":{"loc":{"start":{"line":86,"column":0},"end":{"line":94,"column":0}},"type":"if","locations":[{"start":{"line":86,"column":0},"end":{"line":94,"column":0}},{"start":{"line":86,"column":0},"end":{"line":94,"column":0}}]},"6":{"loc":{"start":{"line":86,"column":0},"end":{"line":null,"column":-1}},"type":"binary-expr","locations":[{"start":{"line":86,"column":0},"end":{"line":null,"column":-1}},{"start":{"line":86,"column":0},"end":{"line":null,"column":-1}}]}},"s":{"0":4,"1":4,"2":8,"3":7,"4":2,"5":2,"6":2,"7":2,"8":2,"9":2,"10":1,"11":1,"12":2,"13":1,"14":1,"15":2,"16":1,"17":1,"18":1,"19":1,"20":1,"21":1,"22":1,"23":3,"24":1,"25":2,"26":1},"f":{"0":7,"1":2,"2":2,"3":2,"4":1,"5":3},"b":{"0":[2,1],"1":[1,1],"2":[1,1],"3":[1,1],"4":[1,2],"5":[1,1],"6":[2,2]}}
,"/Users/qiangmingliang/Documents/frontend-admin-template/src/components/SearchForm/index.vue": {"path":"/Users/qiangmingliang/Documents/frontend-admin-template/src/components/SearchForm/index.vue","statementMap":{"0":{"start":{"line":19,"column":0},"end":{"line":null,"column":-1}},"1":{"start":{"line":22,"column":0},"end":{"line":null,"column":-1}},"2":{"start":{"line":26,"column":0},"end":{"line":null,"column":-1}},"3":{"start":{"line":31,"column":0},"end":{"line":null,"column":-1}},"4":{"start":{"line":32,"column":0},"end":{"line":null,"column":-1}},"5":{"start":{"line":23,"column":0},"end":{"line":null,"column":-1}}},"fnMap":{"0":{"name":"(anonymous_1)","decl":{"start":{"line":25,"column":0},"end":{"line":null,"column":-1}},"loc":{"start":{"line":25,"column":0},"end":{"line":29,"column":0}}},"1":{"name":"(anonymous_2)","decl":{"start":{"line":30,"column":0},"end":{"line":null,"column":-1}},"loc":{"start":{"line":30,"column":0},"end":{"line":33,"column":0}}}},"branchMap":{"0":{"loc":{"start":{"line":32,"column":0},"end":{"line":null,"column":-1}},"type":"binary-expr","locations":[{"start":{"line":32,"column":0},"end":{"line":null,"column":-1}},{"start":{"line":32,"column":0},"end":{"line":null,"column":-1}}]}},"s":{"0":2,"1":4,"2":2,"3":2,"4":2,"5":2},"f":{"0":2,"1":2},"b":{"0":[2,2]}}
,"/Users/qiangmingliang/Documents/frontend-admin-template/src/components/ThemeSelect/index.vue": {"path":"/Users/qiangmingliang/Documents/frontend-admin-template/src/components/ThemeSelect/index.vue","statementMap":{"0":{"start":{"line":35,"column":0},"end":{"line":null,"column":-1}},"1":{"start":{"line":37,"column":0},"end":{"line":null,"column":-1}},"2":{"start":{"line":40,"column":0},"end":{"line":null,"column":-1}},"3":{"start":{"line":38,"column":0},"end":{"line":null,"column":-1}},"4":{"start":{"line":41,"column":0},"end":{"line":null,"column":-1}},"5":{"start":{"line":44,"column":0},"end":{"line":null,"column":-1}},"6":{"start":{"line":48,"column":0},"end":{"line":null,"column":-1}},"7":{"start":{"line":49,"column":0},"end":{"line":null,"column":-1}},"8":{"start":{"line":50,"column":0},"end":{"line":null,"column":-1}},"9":{"start":{"line":54,"column":0},"end":{"line":null,"column":-1}},"10":{"start":{"line":57,"column":0},"end":{"line":null,"column":-1}},"11":{"start":{"line":45,"column":0},"end":{"line":null,"column":-1}},"12":{"start":{"line":46,"column":0},"end":{"line":null,"column":-1}}},"fnMap":{"0":{"name":"(anonymous_1)","decl":{"start":{"line":47,"column":0},"end":{"line":null,"column":-1}},"loc":{"start":{"line":47,"column":0},"end":{"line":55,"column":0}}},"1":{"name":"(anonymous_2)","decl":{"start":{"line":56,"column":0},"end":{"line":null,"column":-1}},"loc":{"start":{"line":56,"column":0},"end":{"line":58,"column":0}}}},"branchMap":{},"s":{"0":4,"1":4,"2":4,"3":4,"4":4,"5":8,"6":1,"7":1,"8":1,"9":1,"10":1,"11":4,"12":4},"f":{"0":1,"1":1},"b":{}}
,"/Users/qiangmingliang/Documents/frontend-admin-template/src/components/VerificationCode/index.vue": {"path":"/Users/qiangmingliang/Documents/frontend-admin-template/src/components/VerificationCode/index.vue","statementMap":{"0":{"start":{"line":16,"column":0},"end":{"line":null,"column":-1}},"1":{"start":{"line":18,"column":0},"end":{"line":null,"column":-1}},"2":{"start":{"line":20,"column":0},"end":{"line":null,"column":-1}},"3":{"start":{"line":23,"column":0},"end":{"line":null,"column":-1}},"4":{"start":{"line":21,"column":0},"end":{"line":null,"column":-1}},"5":{"start":{"line":24,"column":0},"end":{"line":null,"column":-1}},"6":{"start":{"line":27,"column":0},"end":{"line":null,"column":-1}},"7":{"start":{"line":36,"column":0},"end":{"line":null,"column":-1}},"8":{"start":{"line":45,"column":0},"end":{"line":null,"column":-1}},"9":{"start":{"line":46,"column":0},"end":{"line":54,"column":0}},"10":{"start":{"line":47,"column":0},"end":{"line":53,"column":0}},"11":{"start":{"line":48,"column":0},"end":{"line":null,"column":-1}},"12":{"start":{"line":49,"column":0},"end":{"line":null,"column":-1}},"13":{"start":{"line":50,"column":0},"end":{"line":null,"column":-1}},"14":{"start":{"line":52,"column":0},"end":{"line":null,"column":-1}},"15":{"start":{"line":57,"column":0},"end":{"line":null,"column":-1}},"16":{"start":{"line":60,"column":0},"end":{"line":62,"column":0}},"17":{"start":{"line":61,"column":0},"end":{"line":null,"column":-1}},"18":{"start":{"line":65,"column":0},"end":{"line":null,"column":-1}},"19":{"start":{"line":66,"column":0},"end":{"line":69,"column":0}},"20":{"start":{"line":67,"column":0},"end":{"line":null,"column":-1}},"21":{"start":{"line":68,"column":0},"end":{"line":null,"column":-1}},"22":{"start":{"line":70,"column":0},"end":{"line":73,"column":0}},"23":{"start":{"line":71,"column":0},"end":{"line":null,"column":-1}},"24":{"start":{"line":72,"column":0},"end":{"line":null,"column":-1}},"25":{"start":{"line":74,"column":0},"end":{"line":79,"column":0}},"26":{"start":{"line":75,"column":0},"end":{"line":null,"column":-1}},"27":{"start":{"line":76,"column":0},"end":{"line":null,"column":-1}},"28":{"start":{"line":77,"column":0},"end":{"line":null,"column":-1}},"29":{"start":{"line":78,"column":0},"end":{"line":null,"column":-1}},"30":{"start":{"line":80,"column":0},"end":{"line":null,"column":-1}},"31":{"start":{"line":83,"column":0},"end":{"line":null,"column":-1}},"32":{"start":{"line":84,"column":0},"end":{"line":93,"column":0}},"33":{"start":{"line":85,"column":0},"end":{"line":null,"column":-1}},"34":{"start":{"line":89,"column":0},"end":{"line":null,"column":-1}},"35":{"start":{"line":90,"column":0},"end":{"line":null,"column":-1}},"36":{"start":{"line":92,"column":0},"end":{"line":null,"column":-1}},"37":{"start":{"line":94,"column":0},"end":{"line":null,"column":-1}},"38":{"start":{"line":97,"column":0},"end":{"line":null,"column":-1}},"39":{"start":{"line":98,"column":0},"end":{"line":107,"column":0}},"40":{"start":{"line":99,"column":0},"end":{"line":104,"column":0}},"41":{"start":{"line":100,"column":0},"end":{"line":null,"column":-1}},"42":{"start":{"line":101,"column":0},"end":{"line":null,"column":-1}},"43":{"start":{"line":103,"column":0},"end":{"line":null,"column":-1}},"44":{"start":{"line":106,"column":0},"end":{"line":null,"column":-1}},"45":{"start":{"line":28,"column":0},"end":{"line":null,"column":-1}},"46":{"start":{"line":29,"column":0},"end":{"line":null,"column":-1}}},"fnMap":{"0":{"name":"(anonymous_1)","decl":{"start":{"line":35,"column":0},"end":{"line":null,"column":-1}},"loc":{"start":{"line":35,"column":0},"end":{"line":43,"column":0}}},"1":{"name":"(anonymous_2)","decl":{"start":{"line":44,"column":0},"end":{"line":null,"column":-1}},"loc":{"start":{"line":44,"column":0},"end":{"line":55,"column":0}}},"2":{"name":"(anonymous_3)","decl":{"start":{"line":46,"column":0},"end":{"line":null,"column":-1}},"loc":{"start":{"line":46,"column":0},"end":{"line":54,"column":0}}},"3":{"name":"(anonymous_4)","decl":{"start":{"line":56,"column":0},"end":{"line":null,"column":-1}},"loc":{"start":{"line":56,"column":0},"end":{"line":58,"column":0}}},"4":{"name":"(anonymous_5)","decl":{"start":{"line":59,"column":0},"end":{"line":null,"column":-1}},"loc":{"start":{"line":59,"column":0},"end":{"line":63,"column":0}}},"5":{"name":"(anonymous_6)","decl":{"start":{"line":60,"column":0},"end":{"line":null,"column":-1}},"loc":{"start":{"line":60,"column":0},"end":{"line":62,"column":0}}},"6":{"name":"(anonymous_7)","decl":{"start":{"line":64,"column":0},"end":{"line":null,"column":-1}},"loc":{"start":{"line":64,"column":0},"end":{"line":81,"column":0}}},"7":{"name":"(anonymous_8)","decl":{"start":{"line":82,"column":0},"end":{"line":null,"column":-1}},"loc":{"start":{"line":82,"column":0},"end":{"line":95,"column":0}}},"8":{"name":"(anonymous_9)","decl":{"start":{"line":96,"column":0},"end":{"line":null,"column":-1}},"loc":{"start":{"line":96,"column":0},"end":{"line":108,"column":0}}}},"branchMap":{"0":{"loc":{"start":{"line":47,"column":0},"end":{"line":53,"column":0}},"type":"if","locations":[{"start":{"line":47,"column":0},"end":{"line":53,"column":0}},{"start":{"line":47,"column":0},"end":{"line":53,"column":0}}]},"1":{"loc":{"start":{"line":66,"column":0},"end":{"line":69,"column":0}},"type":"if","locations":[{"start":{"line":66,"column":0},"end":{"line":69,"column":0}},{"start":{"line":66,"column":0},"end":{"line":69,"column":0}}]},"2":{"loc":{"start":{"line":67,"column":0},"end":{"line":null,"column":-1}},"type":"binary-expr","locations":[{"start":{"line":67,"column":0},"end":{"line":null,"column":-1}},{"start":{"line":67,"column":0},"end":{"line":null,"column":-1}}]},"3":{"loc":{"start":{"line":70,"column":0},"end":{"line":73,"column":0}},"type":"if","locations":[{"start":{"line":70,"column":0},"end":{"line":73,"column":0}},{"start":{"line":70,"column":0},"end":{"line":73,"column":0}}]},"4":{"loc":{"start":{"line":74,"column":0},"end":{"line":79,"column":0}},"type":"if","locations":[{"start":{"line":74,"column":0},"end":{"line":79,"column":0}},{"start":{"line":74,"column":0},"end":{"line":79,"column":0}}]},"5":{"loc":{"start":{"line":98,"column":0},"end":{"line":107,"column":0}},"type":"if","locations":[{"start":{"line":98,"column":0},"end":{"line":107,"column":0}},{"start":{"line":98,"column":0},"end":{"line":107,"column":0}}]}},"s":{"0":4,"1":4,"2":4,"3":4,"4":4,"5":4,"6":8,"7":29,"8":3,"9":3,"10":151,"11":2,"12":2,"13":2,"14":149,"15":1,"16":1,"17":1,"18":4,"19":4,"20":1,"21":1,"22":3,"23":1,"24":1,"25":2,"26":1,"27":1,"28":1,"29":1,"30":1,"31":2,"32":2,"33":2,"34":2,"35":2,"36":1,"37":2,"38":3,"39":3,"40":2,"41":2,"42":2,"43":1,"44":1,"45":4,"46":4},"f":{"0":29,"1":3,"2":151,"3":1,"4":1,"5":1,"6":4,"7":2,"8":3},"b":{"0":[2,149],"1":[1,3],"2":[1,1],"3":[1,2],"4":[1,1],"5":[2,1]}}
,"/Users/qiangmingliang/Documents/frontend-admin-template/src/lang/index.ts": {"path":"/Users/qiangmingliang/Documents/frontend-admin-template/src/lang/index.ts","statementMap":{"0":{"start":{"line":1,"column":0},"end":{"line":null,"column":-1}},"1":{"start":{"line":2,"column":0},"end":{"line":null,"column":-1}},"2":{"start":{"line":3,"column":0},"end":{"line":null,"column":-1}},"3":{"start":{"line":4,"column":0},"end":{"line":null,"column":-1}},"4":{"start":{"line":5,"column":0},"end":{"line":null,"column":-1}},"5":{"start":{"line":7,"column":0},"end":{"line":null,"column":-1}},"6":{"start":{"line":9,"column":17},"end":{"line":9,"column":0}},"7":{"start":{"line":16,"column":13},"end":{"line":16,"column":0}}},"fnMap":{},"branchMap":{"0":{"loc":{"start":{"line":17,"column":10},"end":{"line":17,"column":36}},"type":"binary-expr","locations":[{"start":{"line":17,"column":10},"end":{"line":17,"column":36}},{"start":{"line":17,"column":37},"end":{"line":16,"column":25}}]}},"s":{"0":17,"1":17,"2":17,"3":17,"4":17,"5":17,"6":17,"7":17},"f":{},"b":{"0":[17,17]}}
,"/Users/qiangmingliang/Documents/frontend-admin-template/src/lang/zh.ts": {"path":"/Users/qiangmingliang/Documents/frontend-admin-template/src/lang/zh.ts","statementMap":{"0":{"start":{"line":1,"column":0},"end":{"line":null,"column":-1}},"1":{"start":{"line":4,"column":0},"end":{"line":null,"column":-1}},"2":{"start":{"line":5,"column":0},"end":{"line":null,"column":-1}}},"fnMap":{},"branchMap":{},"s":{"0":17,"1":17,"2":17},"f":{},"b":{}}
,"/Users/qiangmingliang/Documents/frontend-admin-template/src/store/mutation-types.ts": {"path":"/Users/qiangmingliang/Documents/frontend-admin-template/src/store/mutation-types.ts","statementMap":{"0":{"start":{"line":1,"column":24},"end":{"line":1,"column":7}},"1":{"start":{"line":6,"column":25},"end":{"line":6,"column":7}},"2":{"start":{"line":10,"column":30},"end":{"line":10,"column":7}},"3":{"start":{"line":16,"column":23},"end":{"line":16,"column":7}},"4":{"start":{"line":29,"column":28},"end":{"line":29,"column":7}},"5":{"start":{"line":36,"column":28},"end":{"line":36,"column":7}},"6":{"start":{"line":40,"column":26},"end":{"line":40,"column":7}}},"fnMap":{},"branchMap":{},"s":{"0":1,"1":1,"2":1,"3":1,"4":1,"5":1,"6":1},"f":{},"b":{}}
,"/Users/qiangmingliang/Documents/frontend-admin-template/src/store/modules/app.ts": {"path":"/Users/qiangmingliang/Documents/frontend-admin-template/src/store/modules/app.ts","statementMap":{"0":{"start":{"line":2,"column":0},"end":{"line":null,"column":-1}},"1":{"start":{"line":4,"column":0},"end":{"line":null,"column":-1}},"2":{"start":{"line":18,"column":4},"end":{"line":7,"column":0}},"3":{"start":{"line":20,"column":25},"end":{"line":20,"column":0}},"4":{"start":{"line":34,"column":44},"end":{"line":34,"column":7}},"5":{"start":{"line":36,"column":4},"end":{"line":47,"column":5}},"6":{"start":{"line":38,"column":6},"end":{"line":42,"column":7}},"7":{"start":{"line":39,"column":8},"end":{"line":38,"column":32}},"8":{"start":{"line":41,"column":8},"end":{"line":null,"column":-1}},"9":{"start":{"line":43,"column":6},"end":{"line":null,"column":-1}},"10":{"start":{"line":44,"column":6},"end":{"line":null,"column":-1}},"11":{"start":{"line":46,"column":6},"end":{"line":null,"column":-1}},"12":{"start":{"line":50,"column":4},"end":{"line":null,"column":-1}},"13":{"start":{"line":53,"column":4},"end":{"line":null,"column":-1}},"14":{"start":{"line":54,"column":4},"end":{"line":null,"column":-1}},"15":{"start":{"line":57,"column":4},"end":{"line":null,"column":-1}},"16":{"start":{"line":58,"column":4},"end":{"line":null,"column":-1}},"17":{"start":{"line":59,"column":4},"end":{"line":null,"column":-1}},"18":{"start":{"line":62,"column":4},"end":{"line":null,"column":-1}},"19":{"start":{"line":65,"column":4},"end":{"line":null,"column":-1}},"20":{"start":{"line":68,"column":4},"end":{"line":null,"column":-1}},"21":{"start":{"line":69,"column":4},"end":{"line":null,"column":-1}},"22":{"start":{"line":72,"column":4},"end":{"line":null,"column":-1}},"23":{"start":{"line":73,"column":4},"end":{"line":null,"column":-1}},"24":{"start":{"line":76,"column":4},"end":{"line":null,"column":-1}},"25":{"start":{"line":79,"column":4},"end":{"line":null,"column":-1}},"26":{"start":{"line":83,"column":23},"end":{"line":83,"column":7}},"27":{"start":{"line":85,"column":4},"end":{"line":null,"column":-1}},"28":{"start":{"line":88,"column":4},"end":{"line":null,"column":-1}},"29":{"start":{"line":97,"column":4},"end":{"line":null,"column":-1}},"30":{"start":{"line":103,"column":4},"end":{"line":null,"column":-1}},"31":{"start":{"line":106,"column":4},"end":{"line":null,"column":-1}},"32":{"start":{"line":112,"column":4},"end":{"line":null,"column":-1}},"33":{"start":{"line":118,"column":4},"end":{"line":null,"column":-1}},"34":{"start":{"line":124,"column":4},"end":{"line":null,"column":-1}},"35":{"start":{"line":130,"column":4},"end":{"line":null,"column":-1}},"36":{"start":{"line":136,"column":4},"end":{"line":null,"column":-1}}},"fnMap":{},"branchMap":{"0":{"loc":{"start":{"line":28,"column":12},"end":{"line":28,"column":38}},"type":"binary-expr","locations":[{"start":{"line":28,"column":12},"end":{"line":28,"column":38}},{"start":{"line":28,"column":39},"end":{"line":20,"column":25}}]},"1":{"loc":{"start":{"line":29,"column":9},"end":{"line":29,"column":38}},"type":"binary-expr","locations":[{"start":{"line":29,"column":9},"end":{"line":29,"column":38}},{"start":{"line":29,"column":39},"end":{"line":20,"column":25}}]},"2":{"loc":{"start":{"line":36,"column":4},"end":{"line":47,"column":5}},"type":"if","locations":[{"start":{"line":36,"column":4},"end":{"line":47,"column":5}},{"start":{"line":36,"column":4},"end":{"line":47,"column":5}}]},"3":{"loc":{"start":{"line":38,"column":6},"end":{"line":42,"column":7}},"type":"if","locations":[{"start":{"line":38,"column":6},"end":{"line":42,"column":7}},{"start":{"line":38,"column":6},"end":{"line":42,"column":7}}]}},"s":{"0":1,"1":1,"2":1,"3":1,"4":1,"5":1,"6":0,"7":0,"8":0,"9":0,"10":0,"11":1,"12":1,"13":1,"14":1,"15":1,"16":1,"17":1,"18":1,"19":1,"20":1,"21":1,"22":1,"23":1,"24":0,"25":0,"26":1,"27":1,"28":1,"29":1,"30":1,"31":1,"32":1,"33":1,"34":1,"35":1,"36":1},"f":{},"b":{"0":[1,1],"1":[1,1],"2":[0,1],"3":[0,0]}}
,"/Users/qiangmingliang/Documents/frontend-admin-template/src/utils/encrypt.ts": {"path":"/Users/qiangmingliang/Documents/frontend-admin-template/src/utils/encrypt.ts","statementMap":{"0":{"start":{"line":1,"column":0},"end":{"line":null,"column":-1}},"1":{"start":{"line":2,"column":0},"end":{"line":null,"column":-1}},"2":{"start":{"line":9,"column":20},"end":{"line":9,"column":2}},"3":{"start":{"line":10,"column":2},"end":{"line":null,"column":-1}},"4":{"start":{"line":13,"column":2},"end":{"line":null,"column":-1}},"5":{"start":{"line":14,"column":2},"end":{"line":null,"column":-1}}},"fnMap":{"0":{"name":"passwordEncrypt","decl":{"start":{"line":4,"column":16},"end":{"line":4,"column":6}},"loc":{"start":{"line":7,"column":10},"end":{"line":15,"column":1}}}},"branchMap":{"0":{"loc":{"start":{"line":13,"column":2},"end":{"line":13,"column":4}},"type":"binary-expr","locations":[{"start":{"line":13,"column":2},"end":{"line":13,"column":4}},{"start":{"line":13,"column":8},"end":{"line":13,"column":2}}]}},"s":{"0":5,"1":5,"2":3,"3":3,"4":3,"5":3},"f":{"0":3},"b":{"0":[3,1]}}
,"/Users/qiangmingliang/Documents/frontend-admin-template/src/utils/i18n.ts": {"path":"/Users/qiangmingliang/Documents/frontend-admin-template/src/utils/i18n.ts","statementMap":{"0":{"start":{"line":3,"column":17},"end":{"line":3,"column":2}},"1":{"start":{"line":4,"column":26},"end":{"line":4,"column":2}},"2":{"start":{"line":6,"column":2},"end":{"line":8,"column":3}},"3":{"start":{"line":7,"column":4},"end":{"line":null,"column":-1}},"4":{"start":{"line":9,"column":2},"end":{"line":null,"column":-1}}},"fnMap":{"0":{"name":"generateTitle","decl":{"start":{"line":2,"column":16},"end":{"line":2,"column":6}},"loc":{"start":{"line":2,"column":43},"end":{"line":10,"column":1}}}},"branchMap":{"0":{"loc":{"start":{"line":6,"column":2},"end":{"line":8,"column":3}},"type":"if","locations":[{"start":{"line":6,"column":2},"end":{"line":8,"column":3}},{"start":{"line":6,"column":2},"end":{"line":8,"column":3}}]}},"s":{"0":2,"1":2,"2":2,"3":1,"4":1},"f":{"0":2},"b":{"0":[1,1]}}
,"/Users/qiangmingliang/Documents/frontend-admin-template/src/utils/index.ts": {"path":"/Users/qiangmingliang/Documents/frontend-admin-template/src/utils/index.ts","statementMap":{"0":{"start":{"line":1,"column":0},"end":{"line":null,"column":-1}},"1":{"start":{"line":3,"column":0},"end":{"line":null,"column":-1}},"2":{"start":{"line":7,"column":0},"end":{"line":null,"column":-1}},"3":{"start":{"line":11,"column":4},"end":{"line":8,"column":0}},"4":{"start":{"line":82,"column":16},"end":{"line":82,"column":2}},"5":{"start":{"line":83,"column":17},"end":{"line":83,"column":2}},"6":{"start":{"line":84,"column":2},"end":{"line":93,"column":3}},"7":{"start":{"line":85,"column":4},"end":{"line":92,"column":5}},"8":{"start":{"line":86,"column":6},"end":{"line":91,"column":7}},"9":{"start":{"line":87,"column":8},"end":{"line":null,"column":-1}},"10":{"start":{"line":88,"column":8},"end":{"line":null,"column":-1}},"11":{"start":{"line":90,"column":8},"end":{"line":null,"column":-1}},"12":{"start":{"line":94,"column":2},"end":{"line":null,"column":-1}},"13":{"start":{"line":98,"column":15},"end":{"line":98,"column":2}},"14":{"start":{"line":101,"column":17},"end":{"line":101,"column":2}},"15":{"start":{"line":104,"column":17},"end":{"line":104,"column":2}},"16":{"start":{"line":105,"column":14},"end":{"line":105,"column":2}},"17":{"start":{"line":106,"column":2},"end":{"line":null,"column":-1}},"18":{"start":{"line":110,"column":41},"end":{"line":110,"column":2}},"19":{"start":{"line":116,"column":2},"end":{"line":130,"column":3}},"20":{"start":{"line":117,"column":4},"end":{"line":null,"column":-1}},"21":{"start":{"line":121,"column":4},"end":{"line":null,"column":-1}},"22":{"start":{"line":122,"column":9},"end":{"line":130,"column":3}},"23":{"start":{"line":123,"column":4},"end":{"line":null,"column":-1}},"24":{"start":{"line":127,"column":4},"end":{"line":null,"column":-1}},"25":{"start":{"line":129,"column":4},"end":{"line":null,"column":-1}},"26":{"start":{"line":147,"column":2},"end":{"line":null,"column":-1}},"27":{"start":{"line":148,"column":4},"end":{"line":163,"column":5}},"28":{"start":{"line":149,"column":6},"end":{"line":null,"column":-1}},"29":{"start":{"line":150,"column":11},"end":{"line":163,"column":5}},"30":{"start":{"line":155,"column":6},"end":{"line":null,"column":-1}},"31":{"start":{"line":156,"column":11},"end":{"line":163,"column":5}},"32":{"start":{"line":160,"column":6},"end":{"line":null,"column":-1}},"33":{"start":{"line":162,"column":6},"end":{"line":162,"column":14}},"34":{"start":{"line":168,"column":2},"end":{"line":178,"column":3}},"35":{"start":{"line":169,"column":4},"end":{"line":null,"column":-1}},"36":{"start":{"line":174,"column":4},"end":{"line":null,"column":-1}}},"fnMap":{"0":{"name":"deepClone","decl":{"start":{"line":81,"column":16},"end":{"line":81,"column":6}},"loc":{"start":{"line":81,"column":59},"end":{"line":95,"column":1}}},"1":{"name":"rename","decl":{"start":{"line":97,"column":16},"end":{"line":97,"column":6}},"loc":{"start":{"line":97,"column":32},"end":{"line":107,"column":1}}},"2":{"name":"validateImagesError","decl":{"start":{"line":109,"column":16},"end":{"line":109,"column":6}},"loc":{"start":{"line":109,"column":45},"end":{"line":131,"column":1}}},"3":{"name":"validateConstructor","decl":{"start":{"line":144,"column":16},"end":{"line":144,"column":6}},"loc":{"start":{"line":145,"column":20},"end":{"line":165,"column":1}}},"4":{"name":"(anonymous_4)","decl":{"start":{"line":147,"column":9},"end":{"line":147,"column":10}},"loc":{"start":{"line":147,"column":50},"end":{"line":147,"column":2}}},"5":{"name":"errMsg","decl":{"start":{"line":167,"column":16},"end":{"line":167,"column":6}},"loc":{"start":{"line":167,"column":51},"end":{"line":179,"column":1}}}},"branchMap":{"0":{"loc":{"start":{"line":81,"column":57},"end":{"line":81,"column":6}},"type":"default-arg","locations":[{"start":{"line":81,"column":57},"end":{"line":81,"column":6}}]},"1":{"loc":{"start":{"line":85,"column":4},"end":{"line":92,"column":5}},"type":"if","locations":[{"start":{"line":85,"column":4},"end":{"line":92,"column":5}},{"start":{"line":85,"column":4},"end":{"line":92,"column":5}}]},"2":{"loc":{"start":{"line":86,"column":6},"end":{"line":91,"column":7}},"type":"if","locations":[{"start":{"line":86,"column":6},"end":{"line":91,"column":7}},{"start":{"line":86,"column":6},"end":{"line":91,"column":7}}]},"3":{"loc":{"start":{"line":86,"column":10},"end":{"line":86,"column":9}},"type":"binary-expr","locations":[{"start":{"line":86,"column":10},"end":{"line":86,"column":9}},{"start":{"line":86,"column":37},"end":{"line":86,"column":6}}]},"4":{"loc":{"start":{"line":87,"column":61},"end":{"line":87,"column":23}},"type":"cond-expr","locations":[{"start":{"line":87,"column":61},"end":{"line":87,"column":23}},{"start":{"line":87,"column":66},"end":{"line":87,"column":8}}]},"5":{"loc":{"start":{"line":116,"column":2},"end":{"line":130,"column":3}},"type":"if","locations":[{"start":{"line":116,"column":2},"end":{"line":130,"column":3}},{"start":{"line":116,"column":2},"end":{"line":130,"column":3}}]},"6":{"loc":{"start":{"line":116,"column":8},"end":{"line":116,"column":13}},"type":"binary-expr","locations":[{"start":{"line":116,"column":8},"end":{"line":116,"column":13}},{"start":{"line":116,"column":17},"end":{"line":116,"column":8}},{"start":{"line":116,"column":27},"end":{"line":116,"column":6}}]},"7":{"loc":{"start":{"line":122,"column":9},"end":{"line":130,"column":3}},"type":"if","locations":[{"start":{"line":122,"column":9},"end":{"line":130,"column":3}},{"start":{"line":122,"column":9},"end":{"line":130,"column":3}}]},"8":{"loc":{"start":{"line":148,"column":4},"end":{"line":163,"column":5}},"type":"if","locations":[{"start":{"line":148,"column":4},"end":{"line":163,"column":5}},{"start":{"line":148,"column":4},"end":{"line":163,"column":5}}]},"9":{"loc":{"start":{"line":148,"column":8},"end":{"line":148,"column":7}},"type":"binary-expr","locations":[{"start":{"line":148,"column":8},"end":{"line":148,"column":7}},{"start":{"line":148,"column":24},"end":{"line":148,"column":8}},{"start":{"line":148,"column":42},"end":{"line":148,"column":4}}]},"10":{"loc":{"start":{"line":150,"column":11},"end":{"line":163,"column":5}},"type":"if","locations":[{"start":{"line":150,"column":11},"end":{"line":163,"column":5}},{"start":{"line":150,"column":11},"end":{"line":163,"column":5}}]},"11":{"loc":{"start":{"line":151,"column":6},"end":{"line":151,"column":5}},"type":"binary-expr","locations":[{"start":{"line":151,"column":6},"end":{"line":151,"column":5}},{"start":{"line":152,"column":6},"end":{"line":151,"column":6}},{"start":{"line":153,"column":7},"end":{"line":153,"column":6}},{"start":{"line":153,"column":36},"end":{"line":151,"column":6}}]},"12":{"loc":{"start":{"line":156,"column":11},"end":{"line":163,"column":5}},"type":"if","locations":[{"start":{"line":156,"column":11},"end":{"line":163,"column":5}},{"start":{"line":156,"column":11},"end":{"line":163,"column":5}}]},"13":{"loc":{"start":{"line":157,"column":6},"end":{"line":157,"column":5}},"type":"binary-expr","locations":[{"start":{"line":157,"column":6},"end":{"line":157,"column":5}},{"start":{"line":158,"column":6},"end":{"line":156,"column":11}}]}},"s":{"0":5,"1":5,"2":5,"3":5,"4":6,"5":6,"6":6,"7":28,"8":28,"9":3,"10":3,"11":25,"12":6,"13":1,"14":1,"15":1,"16":1,"17":1,"18":3,"19":3,"20":1,"21":1,"22":2,"23":1,"24":1,"25":1,"26":24,"27":20,"28":17,"29":3,"30":1,"31":2,"32":1,"33":1,"34":0,"35":0,"36":0},"f":{"0":6,"1":1,"2":3,"3":24,"4":20,"5":0},"b":{"0":[2],"1":[28,0],"2":[3,25],"3":[28,28],"4":[2,1],"5":[1,2],"6":[3,1,1],"7":[1,1],"8":[17,3],"9":[20,3,3],"10":[1,2],"11":[3,1,1,0],"12":[1,1],"13":[2,2]}}
,"/Users/qiangmingliang/Documents/frontend-admin-template/src/views/auth/index.vue": {"path":"/Users/qiangmingliang/Documents/frontend-admin-template/src/views/auth/index.vue","statementMap":{"0":{"start":{"line":52,"column":0},"end":{"line":null,"column":-1}},"1":{"start":{"line":54,"column":0},"end":{"line":null,"column":-1}},"2":{"start":{"line":55,"column":0},"end":{"line":null,"column":-1}},"3":{"start":{"line":56,"column":0},"end":{"line":null,"column":-1}},"4":{"start":{"line":65,"column":0},"end":{"line":null,"column":-1}},"5":{"start":{"line":68,"column":0},"end":{"line":null,"column":-1}},"6":{"start":{"line":73,"column":0},"end":{"line":null,"column":-1}},"7":{"start":{"line":76,"column":0},"end":{"line":null,"column":-1}},"8":{"start":{"line":79,"column":0},"end":{"line":null,"column":-1}},"9":{"start":{"line":82,"column":0},"end":{"line":null,"column":-1}},"10":{"start":{"line":85,"column":0},"end":{"line":null,"column":-1}},"11":{"start":{"line":88,"column":0},"end":{"line":null,"column":-1}},"12":{"start":{"line":65,"column":0},"end":{"line":58,"column":0}}},"fnMap":{"0":{"name":"(anonymous_1)","decl":{"start":{"line":67,"column":0},"end":{"line":null,"column":-1}},"loc":{"start":{"line":67,"column":0},"end":{"line":71,"column":0}}},"1":{"name":"(anonymous_2)","decl":{"start":{"line":72,"column":0},"end":{"line":null,"column":-1}},"loc":{"start":{"line":72,"column":0},"end":{"line":74,"column":0}}},"2":{"name":"(anonymous_3)","decl":{"start":{"line":75,"column":0},"end":{"line":null,"column":-1}},"loc":{"start":{"line":75,"column":0},"end":{"line":77,"column":0}}},"3":{"name":"(anonymous_4)","decl":{"start":{"line":78,"column":0},"end":{"line":null,"column":-1}},"loc":{"start":{"line":78,"column":0},"end":{"line":80,"column":0}}},"4":{"name":"(anonymous_5)","decl":{"start":{"line":81,"column":0},"end":{"line":null,"column":-1}},"loc":{"start":{"line":81,"column":0},"end":{"line":83,"column":0}}},"5":{"name":"(anonymous_6)","decl":{"start":{"line":84,"column":0},"end":{"line":null,"column":-1}},"loc":{"start":{"line":84,"column":0},"end":{"line":86,"column":0}}},"6":{"name":"(anonymous_7)","decl":{"start":{"line":87,"column":0},"end":{"line":null,"column":-1}},"loc":{"start":{"line":87,"column":0},"end":{"line":89,"column":0}}}},"branchMap":{},"s":{"0":1,"1":1,"2":1,"3":1,"4":1,"5":1,"6":5,"7":5,"8":5,"9":1,"10":1,"11":1,"12":1},"f":{"0":1,"1":5,"2":5,"3":5,"4":1,"5":1,"6":1},"b":{}}
,"/Users/qiangmingliang/Documents/frontend-admin-template/src/views/auth/components/forget.vue": {"path":"/Users/qiangmingliang/Documents/frontend-admin-template/src/views/auth/components/forget.vue","statementMap":{"0":{"start":{"line":108,"column":0},"end":{"line":null,"column":-1}},"1":{"start":{"line":110,"column":0},"end":{"line":null,"column":-1}},"2":{"start":{"line":112,"column":0},"end":{"line":null,"column":-1}},"3":{"start":{"line":114,"column":0},"end":{"line":null,"column":-1}},"4":{"start":{"line":116,"column":0},"end":{"line":null,"column":-1}},"5":{"start":{"line":118,"column":0},"end":{"line":null,"column":-1}},"6":{"start":{"line":120,"column":0},"end":{"line":null,"column":-1}},"7":{"start":{"line":123,"column":0},"end":{"line":null,"column":-1}},"8":{"start":{"line":121,"column":0},"end":{"line":null,"column":-1}},"9":{"start":{"line":124,"column":0},"end":{"line":null,"column":-1}},"10":{"start":{"line":131,"column":0},"end":{"line":null,"column":-1}},"11":{"start":{"line":137,"column":0},"end":{"line":null,"column":-1}},"12":{"start":{"line":144,"column":0},"end":{"line":null,"column":-1}},"13":{"start":{"line":146,"column":0},"end":{"line":null,"column":-1}},"14":{"start":{"line":158,"column":0},"end":{"line":null,"column":-1}},"15":{"start":{"line":159,"column":0},"end":{"line":null,"column":-1}},"16":{"start":{"line":162,"column":0},"end":{"line":null,"column":-1}},"17":{"start":{"line":165,"column":0},"end":{"line":171,"column":0}},"18":{"start":{"line":166,"column":0},"end":{"line":null,"column":-1}},"19":{"start":{"line":167,"column":0},"end":{"line":null,"column":-1}},"20":{"start":{"line":169,"column":0},"end":{"line":null,"column":-1}},"21":{"start":{"line":170,"column":0},"end":{"line":null,"column":-1}},"22":{"start":{"line":174,"column":0},"end":{"line":180,"column":0}},"23":{"start":{"line":175,"column":0},"end":{"line":null,"column":-1}},"24":{"start":{"line":176,"column":0},"end":{"line":null,"column":-1}},"25":{"start":{"line":178,"column":0},"end":{"line":null,"column":-1}},"26":{"start":{"line":179,"column":0},"end":{"line":null,"column":-1}},"27":{"start":{"line":183,"column":0},"end":{"line":188,"column":0}},"28":{"start":{"line":184,"column":0},"end":{"line":null,"column":-1}},"29":{"start":{"line":185,"column":0},"end":{"line":187,"column":0}},"30":{"start":{"line":186,"column":0},"end":{"line":null,"column":-1}},"31":{"start":{"line":191,"column":0},"end":{"line":null,"column":-1}},"32":{"start":{"line":195,"column":0},"end":{"line":null,"column":-1}},"33":{"start":{"line":198,"column":0},"end":{"line":null,"column":-1}},"34":{"start":{"line":202,"column":0},"end":{"line":null,"column":-1}},"35":{"start":{"line":205,"column":0},"end":{"line":null,"column":-1}},"36":{"start":{"line":212,"column":0},"end":{"line":214,"column":0}},"37":{"start":{"line":213,"column":0},"end":{"line":null,"column":-1}},"38":{"start":{"line":217,"column":0},"end":{"line":null,"column":-1}},"39":{"start":{"line":220,"column":0},"end":{"line":234,"column":0}},"40":{"start":{"line":221,"column":0},"end":{"line":227,"column":0}},"41":{"start":{"line":222,"column":0},"end":{"line":null,"column":-1}},"42":{"start":{"line":226,"column":0},"end":{"line":null,"column":-1}},"43":{"start":{"line":228,"column":0},"end":{"line":null,"column":-1}},"44":{"start":{"line":229,"column":0},"end":{"line":null,"column":-1}},"45":{"start":{"line":230,"column":0},"end":{"line":null,"column":-1}},"46":{"start":{"line":231,"column":0},"end":{"line":null,"column":-1}},"47":{"start":{"line":232,"column":0},"end":{"line":null,"column":-1}},"48":{"start":{"line":233,"column":0},"end":{"line":null,"column":-1}},"49":{"start":{"line":235,"column":0},"end":{"line":null,"column":-1}},"50":{"start":{"line":238,"column":0},"end":{"line":257,"column":0}},"51":{"start":{"line":240,"column":0},"end":{"line":null,"column":-1}},"52":{"start":{"line":241,"column":0},"end":{"line":253,"column":0}},"53":{"start":{"line":242,"column":0},"end":{"line":null,"column":-1}},"54":{"start":{"line":246,"column":0},"end":{"line":null,"column":-1}},"55":{"start":{"line":247,"column":0},"end":{"line":null,"column":-1}},"56":{"start":{"line":249,"column":0},"end":{"line":null,"column":-1}},"57":{"start":{"line":256,"column":0},"end":{"line":null,"column":-1}},"58":{"start":{"line":131,"column":0},"end":{"line":126,"column":0}}},"fnMap":{"0":{"name":"(anonymous_1)","decl":{"start":{"line":126,"column":0},"end":{"line":null,"column":-1}},"loc":{"start":{"line":126,"column":0},"end":{"line":259,"column":0}}},"1":{"name":"(anonymous_2)","decl":{"start":{"line":145,"column":0},"end":{"line":null,"column":-1}},"loc":{"start":{"line":145,"column":0},"end":{"line":153,"column":0}}},"2":{"name":"(anonymous_3)","decl":{"start":{"line":154,"column":0},"end":{"line":null,"column":-1}},"loc":{"start":{"line":154,"column":0},"end":{"line":156,"column":0}}},"3":{"name":"(anonymous_4)","decl":{"start":{"line":157,"column":0},"end":{"line":null,"column":-1}},"loc":{"start":{"line":157,"column":0},"end":{"line":160,"column":0}}},"4":{"name":"(anonymous_5)","decl":{"start":{"line":161,"column":0},"end":{"line":null,"column":-1}},"loc":{"start":{"line":161,"column":0},"end":{"line":163,"column":0}}},"5":{"name":"(anonymous_6)","decl":{"start":{"line":164,"column":0},"end":{"line":null,"column":-1}},"loc":{"start":{"line":164,"column":0},"end":{"line":172,"column":0}}},"6":{"name":"(anonymous_7)","decl":{"start":{"line":173,"column":0},"end":{"line":null,"column":-1}},"loc":{"start":{"line":173,"column":0},"end":{"line":181,"column":0}}},"7":{"name":"(anonymous_8)","decl":{"start":{"line":182,"column":0},"end":{"line":null,"column":-1}},"loc":{"start":{"line":182,"column":0},"end":{"line":189,"column":0}}},"8":{"name":"(anonymous_9)","decl":{"start":{"line":183,"column":0},"end":{"line":null,"column":-1}},"loc":{"start":{"line":183,"column":0},"end":{"line":188,"column":0}}},"9":{"name":"(anonymous_10)","decl":{"start":{"line":190,"column":0},"end":{"line":null,"column":-1}},"loc":{"start":{"line":190,"column":0},"end":{"line":196,"column":0}}},"10":{"name":"(anonymous_11)","decl":{"start":{"line":197,"column":0},"end":{"line":null,"column":-1}},"loc":{"start":{"line":197,"column":0},"end":{"line":203,"column":0}}},"11":{"name":"(anonymous_12)","decl":{"start":{"line":204,"column":0},"end":{"line":null,"column":-1}},"loc":{"start":{"line":204,"column":0},"end":{"line":215,"column":0}}},"12":{"name":"(anonymous_13)","decl":{"start":{"line":212,"column":0},"end":{"line":null,"column":-1}},"loc":{"start":{"line":212,"column":0},"end":{"line":214,"column":0}}},"13":{"name":"(anonymous_14)","decl":{"start":{"line":216,"column":0},"end":{"line":null,"column":-1}},"loc":{"start":{"line":216,"column":0},"end":{"line":218,"column":0}}},"14":{"name":"(anonymous_15)","decl":{"start":{"line":219,"column":0},"end":{"line":null,"column":-1}},"loc":{"start":{"line":219,"column":0},"end":{"line":236,"column":0}}},"15":{"name":"(anonymous_16)","decl":{"start":{"line":237,"column":0},"end":{"line":null,"column":-1}},"loc":{"start":{"line":237,"column":0},"end":{"line":258,"column":0}}},"16":{"name":"(anonymous_17)","decl":{"start":{"line":238,"column":0},"end":{"line":null,"column":-1}},"loc":{"start":{"line":238,"column":0},"end":{"line":254,"column":0}}},"17":{"name":"(anonymous_18)","decl":{"start":{"line":254,"column":0},"end":{"line":null,"column":-1}},"loc":{"start":{"line":254,"column":0},"end":{"line":257,"column":0}}}},"branchMap":{"0":{"loc":{"start":{"line":158,"column":0},"end":{"line":null,"column":-1}},"type":"binary-expr","locations":[{"start":{"line":158,"column":0},"end":{"line":null,"column":-1}},{"start":{"line":158,"column":0},"end":{"line":null,"column":-1}}]},"1":{"loc":{"start":{"line":165,"column":0},"end":{"line":171,"column":0}},"type":"if","locations":[{"start":{"line":165,"column":0},"end":{"line":171,"column":0}},{"start":{"line":165,"column":0},"end":{"line":171,"column":0}}]},"2":{"loc":{"start":{"line":174,"column":0},"end":{"line":180,"column":0}},"type":"if","locations":[{"start":{"line":174,"column":0},"end":{"line":180,"column":0}},{"start":{"line":174,"column":0},"end":{"line":180,"column":0}}]},"3":{"loc":{"start":{"line":185,"column":0},"end":{"line":187,"column":0}},"type":"if","locations":[{"start":{"line":185,"column":0},"end":{"line":187,"column":0}},{"start":{"line":185,"column":0},"end":{"line":187,"column":0}}]},"4":{"loc":{"start":{"line":220,"column":0},"end":{"line":234,"column":0}},"type":"if","locations":[{"start":{"line":220,"column":0},"end":{"line":234,"column":0}},{"start":{"line":220,"column":0},"end":{"line":234,"column":0}}]},"5":{"loc":{"start":{"line":221,"column":0},"end":{"line":227,"column":0}},"type":"if","locations":[{"start":{"line":221,"column":0},"end":{"line":227,"column":0}},{"start":{"line":221,"column":0},"end":{"line":227,"column":0}}]},"6":{"loc":{"start":{"line":235,"column":0},"end":{"line":null,"column":-1}},"type":"binary-expr","locations":[{"start":{"line":235,"column":0},"end":{"line":null,"column":-1}},{"start":{"line":235,"column":0},"end":{"line":null,"column":-1}}]},"7":{"loc":{"start":{"line":241,"column":0},"end":{"line":253,"column":0}},"type":"if","locations":[{"start":{"line":241,"column":0},"end":{"line":253,"column":0}},{"start":{"line":241,"column":0},"end":{"line":253,"column":0}}]}},"s":{"0":2,"1":2,"2":2,"3":2,"4":2,"5":2,"6":2,"7":2,"8":2,"9":2,"10":2,"11":8,"12":8,"13":8,"14":5,"15":5,"16":1,"17":2,"18":1,"19":1,"20":1,"21":1,"22":2,"23":1,"24":1,"25":1,"26":1,"27":0,"28":0,"29":0,"30":0,"31":1,"32":1,"33":1,"34":1,"35":1,"36":1,"37":1,"38":1,"39":3,"40":2,"41":1,"42":1,"43":1,"44":1,"45":1,"46":1,"47":1,"48":1,"49":1,"50":0,"51":0,"52":0,"53":0,"54":0,"55":0,"56":0,"57":0,"58":2},"f":{"0":8,"1":8,"2":8,"3":5,"4":1,"5":2,"6":2,"7":0,"8":0,"9":1,"10":1,"11":1,"12":1,"13":1,"14":3,"15":0,"16":0,"17":0},"b":{"0":[5,1],"1":[1,1],"2":[1,1],"3":[0,0],"4":[2,1],"5":[1,1],"6":[1,1],"7":[0,0]}}
,"/Users/qiangmingliang/Documents/frontend-admin-template/src/views/auth/components/register.vue": {"path":"/Users/qiangmingliang/Documents/frontend-admin-template/src/views/auth/components/register.vue","statementMap":{"0":{"start":{"line":115,"column":0},"end":{"line":null,"column":-1}},"1":{"start":{"line":117,"column":0},"end":{"line":null,"column":-1}},"2":{"start":{"line":119,"column":0},"end":{"line":null,"column":-1}},"3":{"start":{"line":121,"column":0},"end":{"line":null,"column":-1}},"4":{"start":{"line":123,"column":0},"end":{"line":null,"column":-1}},"5":{"start":{"line":125,"column":0},"end":{"line":null,"column":-1}},"6":{"start":{"line":127,"column":0},"end":{"line":null,"column":-1}},"7":{"start":{"line":130,"column":0},"end":{"line":null,"column":-1}},"8":{"start":{"line":128,"column":0},"end":{"line":null,"column":-1}},"9":{"start":{"line":131,"column":0},"end":{"line":null,"column":-1}},"10":{"start":{"line":138,"column":0},"end":{"line":null,"column":-1}},"11":{"start":{"line":144,"column":0},"end":{"line":null,"column":-1}},"12":{"start":{"line":156,"column":0},"end":{"line":null,"column":-1}},"13":{"start":{"line":158,"column":0},"end":{"line":null,"column":-1}},"14":{"start":{"line":170,"column":0},"end":{"line":null,"column":-1}},"15":{"start":{"line":171,"column":0},"end":{"line":null,"column":-1}},"16":{"start":{"line":174,"column":0},"end":{"line":null,"column":-1}},"17":{"start":{"line":177,"column":0},"end":{"line":183,"column":0}},"18":{"start":{"line":178,"column":0},"end":{"line":null,"column":-1}},"19":{"start":{"line":179,"column":0},"end":{"line":null,"column":-1}},"20":{"start":{"line":181,"column":0},"end":{"line":null,"column":-1}},"21":{"start":{"line":182,"column":0},"end":{"line":null,"column":-1}},"22":{"start":{"line":186,"column":0},"end":{"line":192,"column":0}},"23":{"start":{"line":187,"column":0},"end":{"line":null,"column":-1}},"24":{"start":{"line":188,"column":0},"end":{"line":null,"column":-1}},"25":{"start":{"line":190,"column":0},"end":{"line":null,"column":-1}},"26":{"start":{"line":191,"column":0},"end":{"line":null,"column":-1}},"27":{"start":{"line":195,"column":0},"end":{"line":200,"column":0}},"28":{"start":{"line":196,"column":0},"end":{"line":null,"column":-1}},"29":{"start":{"line":197,"column":0},"end":{"line":199,"column":0}},"30":{"start":{"line":198,"column":0},"end":{"line":null,"column":-1}},"31":{"start":{"line":203,"column":0},"end":{"line":null,"column":-1}},"32":{"start":{"line":207,"column":0},"end":{"line":null,"column":-1}},"33":{"start":{"line":210,"column":0},"end":{"line":null,"column":-1}},"34":{"start":{"line":214,"column":0},"end":{"line":null,"column":-1}},"35":{"start":{"line":217,"column":0},"end":{"line":null,"column":-1}},"36":{"start":{"line":224,"column":0},"end":{"line":226,"column":0}},"37":{"start":{"line":225,"column":0},"end":{"line":null,"column":-1}},"38":{"start":{"line":229,"column":0},"end":{"line":null,"column":-1}},"39":{"start":{"line":232,"column":0},"end":{"line":246,"column":0}},"40":{"start":{"line":233,"column":0},"end":{"line":239,"column":0}},"41":{"start":{"line":234,"column":0},"end":{"line":null,"column":-1}},"42":{"start":{"line":238,"column":0},"end":{"line":null,"column":-1}},"43":{"start":{"line":240,"column":0},"end":{"line":null,"column":-1}},"44":{"start":{"line":241,"column":0},"end":{"line":null,"column":-1}},"45":{"start":{"line":242,"column":0},"end":{"line":null,"column":-1}},"46":{"start":{"line":243,"column":0},"end":{"line":null,"column":-1}},"47":{"start":{"line":244,"column":0},"end":{"line":null,"column":-1}},"48":{"start":{"line":245,"column":0},"end":{"line":null,"column":-1}},"49":{"start":{"line":247,"column":0},"end":{"line":null,"column":-1}},"50":{"start":{"line":250,"column":0},"end":{"line":269,"column":0}},"51":{"start":{"line":252,"column":0},"end":{"line":null,"column":-1}},"52":{"start":{"line":253,"column":0},"end":{"line":265,"column":0}},"53":{"start":{"line":254,"column":0},"end":{"line":null,"column":-1}},"54":{"start":{"line":258,"column":0},"end":{"line":null,"column":-1}},"55":{"start":{"line":259,"column":0},"end":{"line":null,"column":-1}},"56":{"start":{"line":261,"column":0},"end":{"line":null,"column":-1}},"57":{"start":{"line":268,"column":0},"end":{"line":null,"column":-1}},"58":{"start":{"line":138,"column":0},"end":{"line":133,"column":0}}},"fnMap":{"0":{"name":"(anonymous_1)","decl":{"start":{"line":133,"column":0},"end":{"line":null,"column":-1}},"loc":{"start":{"line":133,"column":0},"end":{"line":271,"column":0}}},"1":{"name":"(anonymous_2)","decl":{"start":{"line":157,"column":0},"end":{"line":null,"column":-1}},"loc":{"start":{"line":157,"column":0},"end":{"line":165,"column":0}}},"2":{"name":"(anonymous_3)","decl":{"start":{"line":166,"column":0},"end":{"line":null,"column":-1}},"loc":{"start":{"line":166,"column":0},"end":{"line":168,"column":0}}},"3":{"name":"(anonymous_4)","decl":{"start":{"line":169,"column":0},"end":{"line":null,"column":-1}},"loc":{"start":{"line":169,"column":0},"end":{"line":172,"column":0}}},"4":{"name":"(anonymous_5)","decl":{"start":{"line":173,"column":0},"end":{"line":null,"column":-1}},"loc":{"start":{"line":173,"column":0},"end":{"line":175,"column":0}}},"5":{"name":"(anonymous_6)","decl":{"start":{"line":176,"column":0},"end":{"line":null,"column":-1}},"loc":{"start":{"line":176,"column":0},"end":{"line":184,"column":0}}},"6":{"name":"(anonymous_7)","decl":{"start":{"line":185,"column":0},"end":{"line":null,"column":-1}},"loc":{"start":{"line":185,"column":0},"end":{"line":193,"column":0}}},"7":{"name":"(anonymous_8)","decl":{"start":{"line":194,"column":0},"end":{"line":null,"column":-1}},"loc":{"start":{"line":194,"column":0},"end":{"line":201,"column":0}}},"8":{"name":"(anonymous_9)","decl":{"start":{"line":195,"column":0},"end":{"line":null,"column":-1}},"loc":{"start":{"line":195,"column":0},"end":{"line":200,"column":0}}},"9":{"name":"(anonymous_10)","decl":{"start":{"line":202,"column":0},"end":{"line":null,"column":-1}},"loc":{"start":{"line":202,"column":0},"end":{"line":208,"column":0}}},"10":{"name":"(anonymous_11)","decl":{"start":{"line":209,"column":0},"end":{"line":null,"column":-1}},"loc":{"start":{"line":209,"column":0},"end":{"line":215,"column":0}}},"11":{"name":"(anonymous_12)","decl":{"start":{"line":216,"column":0},"end":{"line":null,"column":-1}},"loc":{"start":{"line":216,"column":0},"end":{"line":227,"column":0}}},"12":{"name":"(anonymous_13)","decl":{"start":{"line":224,"column":0},"end":{"line":null,"column":-1}},"loc":{"start":{"line":224,"column":0},"end":{"line":226,"column":0}}},"13":{"name":"(anonymous_14)","decl":{"start":{"line":228,"column":0},"end":{"line":null,"column":-1}},"loc":{"start":{"line":228,"column":0},"end":{"line":230,"column":0}}},"14":{"name":"(anonymous_15)","decl":{"start":{"line":231,"column":0},"end":{"line":null,"column":-1}},"loc":{"start":{"line":231,"column":0},"end":{"line":248,"column":0}}},"15":{"name":"(anonymous_16)","decl":{"start":{"line":249,"column":0},"end":{"line":null,"column":-1}},"loc":{"start":{"line":249,"column":0},"end":{"line":270,"column":0}}},"16":{"name":"(anonymous_17)","decl":{"start":{"line":250,"column":0},"end":{"line":null,"column":-1}},"loc":{"start":{"line":250,"column":0},"end":{"line":266,"column":0}}},"17":{"name":"(anonymous_18)","decl":{"start":{"line":266,"column":0},"end":{"line":null,"column":-1}},"loc":{"start":{"line":266,"column":0},"end":{"line":269,"column":0}}}},"branchMap":{"0":{"loc":{"start":{"line":170,"column":0},"end":{"line":null,"column":-1}},"type":"binary-expr","locations":[{"start":{"line":170,"column":0},"end":{"line":null,"column":-1}},{"start":{"line":170,"column":0},"end":{"line":null,"column":-1}}]},"1":{"loc":{"start":{"line":177,"column":0},"end":{"line":183,"column":0}},"type":"if","locations":[{"start":{"line":177,"column":0},"end":{"line":183,"column":0}},{"start":{"line":177,"column":0},"end":{"line":183,"column":0}}]},"2":{"loc":{"start":{"line":186,"column":0},"end":{"line":192,"column":0}},"type":"if","locations":[{"start":{"line":186,"column":0},"end":{"line":192,"column":0}},{"start":{"line":186,"column":0},"end":{"line":192,"column":0}}]},"3":{"loc":{"start":{"line":197,"column":0},"end":{"line":199,"column":0}},"type":"if","locations":[{"start":{"line":197,"column":0},"end":{"line":199,"column":0}},{"start":{"line":197,"column":0},"end":{"line":199,"column":0}}]},"4":{"loc":{"start":{"line":232,"column":0},"end":{"line":246,"column":0}},"type":"if","locations":[{"start":{"line":232,"column":0},"end":{"line":246,"column":0}},{"start":{"line":232,"column":0},"end":{"line":246,"column":0}}]},"5":{"loc":{"start":{"line":233,"column":0},"end":{"line":239,"column":0}},"type":"if","locations":[{"start":{"line":233,"column":0},"end":{"line":239,"column":0}},{"start":{"line":233,"column":0},"end":{"line":239,"column":0}}]},"6":{"loc":{"start":{"line":247,"column":0},"end":{"line":null,"column":-1}},"type":"binary-expr","locations":[{"start":{"line":247,"column":0},"end":{"line":null,"column":-1}},{"start":{"line":247,"column":0},"end":{"line":null,"column":-1}}]},"7":{"loc":{"start":{"line":253,"column":0},"end":{"line":265,"column":0}},"type":"if","locations":[{"start":{"line":253,"column":0},"end":{"line":265,"column":0}},{"start":{"line":253,"column":0},"end":{"line":265,"column":0}}]}},"s":{"0":2,"1":2,"2":2,"3":2,"4":2,"5":2,"6":2,"7":2,"8":2,"9":2,"10":2,"11":8,"12":8,"13":8,"14":5,"15":5,"16":1,"17":2,"18":1,"19":1,"20":1,"21":1,"22":2,"23":1,"24":1,"25":1,"26":1,"27":0,"28":0,"29":0,"30":0,"31":1,"32":1,"33":1,"34":1,"35":1,"36":1,"37":1,"38":1,"39":3,"40":2,"41":1,"42":1,"43":1,"44":1,"45":1,"46":1,"47":1,"48":1,"49":1,"50":0,"51":0,"52":0,"53":0,"54":0,"55":0,"56":0,"57":0,"58":2},"f":{"0":8,"1":8,"2":8,"3":5,"4":1,"5":2,"6":2,"7":0,"8":0,"9":1,"10":1,"11":1,"12":1,"13":1,"14":3,"15":0,"16":0,"17":0},"b":{"0":[5,1],"1":[1,1],"2":[1,1],"3":[0,0],"4":[2,1],"5":[1,1],"6":[1,1],"7":[0,0]}}
,"/Users/qiangmingliang/Documents/frontend-admin-template/src/views/auth/components/signIn.vue": {"path":"/Users/qiangmingliang/Documents/frontend-admin-template/src/views/auth/components/signIn.vue","statementMap":{"0":{"start":{"line":66,"column":0},"end":{"line":null,"column":-1}},"1":{"start":{"line":68,"column":0},"end":{"line":null,"column":-1}},"2":{"start":{"line":70,"column":0},"end":{"line":null,"column":-1}},"3":{"start":{"line":72,"column":0},"end":{"line":null,"column":-1}},"4":{"start":{"line":74,"column":0},"end":{"line":null,"column":-1}},"5":{"start":{"line":76,"column":0},"end":{"line":null,"column":-1}},"6":{"start":{"line":79,"column":0},"end":{"line":null,"column":-1}},"7":{"start":{"line":77,"column":0},"end":{"line":null,"column":-1}},"8":{"start":{"line":80,"column":0},"end":{"line":null,"column":-1}},"9":{"start":{"line":85,"column":0},"end":{"line":null,"column":-1}},"10":{"start":{"line":86,"column":0},"end":{"line":null,"column":-1}},"11":{"start":{"line":87,"column":0},"end":{"line":null,"column":-1}},"12":{"start":{"line":88,"column":0},"end":{"line":null,"column":-1}},"13":{"start":{"line":89,"column":0},"end":{"line":null,"column":-1}},"14":{"start":{"line":94,"column":0},"end":{"line":null,"column":-1}},"15":{"start":{"line":99,"column":0},"end":{"line":null,"column":-1}},"16":{"start":{"line":102,"column":0},"end":{"line":null,"column":-1}},"17":{"start":{"line":103,"column":0},"end":{"line":null,"column":-1}},"18":{"start":{"line":106,"column":0},"end":{"line":112,"column":0}},"19":{"start":{"line":107,"column":0},"end":{"line":null,"column":-1}},"20":{"start":{"line":108,"column":0},"end":{"line":null,"column":-1}},"21":{"start":{"line":110,"column":0},"end":{"line":null,"column":-1}},"22":{"start":{"line":111,"column":0},"end":{"line":null,"column":-1}},"23":{"start":{"line":115,"column":0},"end":{"line":120,"column":0}},"24":{"start":{"line":116,"column":0},"end":{"line":null,"column":-1}},"25":{"start":{"line":117,"column":0},"end":{"line":119,"column":0}},"26":{"start":{"line":118,"column":0},"end":{"line":null,"column":-1}},"27":{"start":{"line":123,"column":0},"end":{"line":null,"column":-1}},"28":{"start":{"line":126,"column":0},"end":{"line":133,"column":0}},"29":{"start":{"line":127,"column":0},"end":{"line":null,"column":-1}},"30":{"start":{"line":132,"column":0},"end":{"line":null,"column":-1}},"31":{"start":{"line":136,"column":0},"end":{"line":null,"column":-1}},"32":{"start":{"line":137,"column":0},"end":{"line":143,"column":0}},"33":{"start":{"line":138,"column":0},"end":{"line":null,"column":-1}},"34":{"start":{"line":139,"column":0},"end":{"line":null,"column":-1}},"35":{"start":{"line":141,"column":0},"end":{"line":null,"column":-1}},"36":{"start":{"line":142,"column":0},"end":{"line":null,"column":-1}},"37":{"start":{"line":146,"column":0},"end":{"line":null,"column":-1}},"38":{"start":{"line":147,"column":0},"end":{"line":155,"column":0}},"39":{"start":{"line":148,"column":0},"end":{"line":null,"column":-1}},"40":{"start":{"line":152,"column":0},"end":{"line":null,"column":-1}},"41":{"start":{"line":154,"column":0},"end":{"line":null,"column":-1}}},"fnMap":{"0":{"name":"(anonymous_1)","decl":{"start":{"line":84,"column":0},"end":{"line":null,"column":-1}},"loc":{"start":{"line":84,"column":0},"end":{"line":157,"column":0}}},"1":{"name":"(anonymous_2)","decl":{"start":{"line":95,"column":0},"end":{"line":null,"column":-1}},"loc":{"start":{"line":95,"column":0},"end":{"line":97,"column":0}}},"2":{"name":"(anonymous_3)","decl":{"start":{"line":98,"column":0},"end":{"line":null,"column":-1}},"loc":{"start":{"line":98,"column":0},"end":{"line":100,"column":0}}},"3":{"name":"(anonymous_4)","decl":{"start":{"line":101,"column":0},"end":{"line":null,"column":-1}},"loc":{"start":{"line":101,"column":0},"end":{"line":104,"column":0}}},"4":{"name":"(anonymous_5)","decl":{"start":{"line":105,"column":0},"end":{"line":null,"column":-1}},"loc":{"start":{"line":105,"column":0},"end":{"line":113,"column":0}}},"5":{"name":"(anonymous_6)","decl":{"start":{"line":114,"column":0},"end":{"line":null,"column":-1}},"loc":{"start":{"line":114,"column":0},"end":{"line":121,"column":0}}},"6":{"name":"(anonymous_7)","decl":{"start":{"line":115,"column":0},"end":{"line":null,"column":-1}},"loc":{"start":{"line":115,"column":0},"end":{"line":120,"column":0}}},"7":{"name":"(anonymous_8)","decl":{"start":{"line":122,"column":0},"end":{"line":null,"column":-1}},"loc":{"start":{"line":122,"column":0},"end":{"line":124,"column":0}}},"8":{"name":"(anonymous_9)","decl":{"start":{"line":125,"column":0},"end":{"line":null,"column":-1}},"loc":{"start":{"line":125,"column":0},"end":{"line":134,"column":0}}},"9":{"name":"(anonymous_10)","decl":{"start":{"line":135,"column":0},"end":{"line":null,"column":-1}},"loc":{"start":{"line":135,"column":0},"end":{"line":144,"column":0}}},"10":{"name":"(anonymous_11)","decl":{"start":{"line":145,"column":0},"end":{"line":null,"column":-1}},"loc":{"start":{"line":145,"column":0},"end":{"line":156,"column":0}}}},"branchMap":{"0":{"loc":{"start":{"line":102,"column":0},"end":{"line":null,"column":-1}},"type":"binary-expr","locations":[{"start":{"line":102,"column":0},"end":{"line":null,"column":-1}},{"start":{"line":102,"column":0},"end":{"line":null,"column":-1}}]},"1":{"loc":{"start":{"line":106,"column":0},"end":{"line":112,"column":0}},"type":"if","locations":[{"start":{"line":106,"column":0},"end":{"line":112,"column":0}},{"start":{"line":106,"column":0},"end":{"line":112,"column":0}}]},"2":{"loc":{"start":{"line":117,"column":0},"end":{"line":119,"column":0}},"type":"if","locations":[{"start":{"line":117,"column":0},"end":{"line":119,"column":0}},{"start":{"line":117,"column":0},"end":{"line":119,"column":0}}]},"3":{"loc":{"start":{"line":126,"column":0},"end":{"line":133,"column":0}},"type":"if","locations":[{"start":{"line":126,"column":0},"end":{"line":133,"column":0}},{"start":{"line":126,"column":0},"end":{"line":133,"column":0}}]},"4":{"loc":{"start":{"line":147,"column":0},"end":{"line":155,"column":0}},"type":"if","locations":[{"start":{"line":147,"column":0},"end":{"line":155,"column":0}},{"start":{"line":147,"column":0},"end":{"line":155,"column":0}}]}},"s":{"0":2,"1":2,"2":2,"3":2,"4":2,"5":2,"6":2,"7":2,"8":2,"9":4,"10":9,"11":9,"12":9,"13":9,"14":9,"15":5,"16":3,"17":3,"18":2,"19":1,"20":1,"21":1,"22":1,"23":0,"24":0,"25":0,"26":0,"27":2,"28":0,"29":0,"30":0,"31":2,"32":2,"33":2,"34":0,"35":2,"36":2,"37":2,"38":2,"39":1,"40":1,"41":1},"f":{"0":9,"1":9,"2":5,"3":3,"4":2,"5":0,"6":0,"7":2,"8":0,"9":2,"10":2},"b":{"0":[3,1],"1":[1,1],"2":[0,0],"3":[0,0],"4":[1,1]}}
,"/Users/qiangmingliang/Documents/frontend-admin-template/src/views/layout/Layout.vue": {"path":"/Users/qiangmingliang/Documents/frontend-admin-template/src/views/layout/Layout.vue","statementMap":{"0":{"start":{"line":1,"column":1},"end":{"line":89,"column":4}},"1":{"start":{"line":4,"column":29},"end":{"line":4,"column":161}},"2":{"start":{"line":6,"column":30},"end":{"line":6,"column":163}},"3":{"start":{"line":8,"column":29},"end":{"line":8,"column":162}},"4":{"start":{"line":10,"column":0},"end":{"line":12,"column":3}},"5":{"start":{"line":14,"column":0},"end":{"line":14,"column":25}},"6":{"start":{"line":16,"column":14},"end":{"line":16,"column":55}},"7":{"start":{"line":18,"column":28},"end":{"line":18,"column":61}},"8":{"start":{"line":20,"column":18},"end":{"line":20,"column":41}},"9":{"start":{"line":22,"column":13},"end":{"line":22,"column":82}},"10":{"start":{"line":24,"column":14},"end":{"line":24,"column":82}},"11":{"start":{"line":26,"column":21},"end":{"line":26,"column":77}},"12":{"start":{"line":28,"column":18},"end":{"line":28,"column":72}},"13":{"start":{"line":30,"column":17},"end":{"line":30,"column":38}},"14":{"start":{"line":34,"column":4},"end":{"line":34,"column":23}},"15":{"start":{"line":35,"column":22},"end":{"line":35,"column":54}},"16":{"start":{"line":36,"column":13},"end":{"line":63,"column":1}},"17":{"start":{"line":38,"column":4},"end":{"line":38,"column":22}},"18":{"start":{"line":42,"column":4},"end":{"line":46,"column":6}},"19":{"start":{"line":50,"column":4},"end":{"line":50,"column":28}},"20":{"start":{"line":54,"column":4},"end":{"line":54,"column":80}},"21":{"start":{"line":58,"column":4},"end":{"line":60,"column":7}},"22":{"start":{"line":65,"column":0},"end":{"line":65,"column":90}},"23":{"start":{"line":67,"column":0},"end":{"line":67,"column":88}},"24":{"start":{"line":69,"column":0},"end":{"line":69,"column":92}},"25":{"start":{"line":71,"column":0},"end":{"line":71,"column":90}},"26":{"start":{"line":73,"column":0},"end":{"line":73,"column":85}},"27":{"start":{"line":75,"column":0},"end":{"line":85,"column":13}},"28":{"start":{"line":86,"column":15},"end":{"line":86,"column":21}},"29":{"start":{"line":88,"column":0},"end":{"line":88,"column":27}},"30":{"start":{"line":90,"column":20},"end":{"line":90,"column":89}},"31":{"start":{"line":90,"column":114},"end":{"line":90,"column":187}},"32":{"start":{"line":91,"column":0},"end":{"line":91,"column":835}},"33":{"start":{"line":91,"column":54},"end":{"line":91,"column":58}},"34":{"start":{"line":91,"column":66},"end":{"line":91,"column":84}},"35":{"start":{"line":91,"column":92},"end":{"line":91,"column":108}},"36":{"start":{"line":91,"column":109},"end":{"line":91,"column":834}},"37":{"start":{"line":92,"column":0},"end":{"line":92,"column":37}}},"fnMap":{"0":{"name":"(anonymous_0)","decl":{"start":{"line":1,"column":2},"end":{"line":1,"column":3}},"loc":{"start":{"line":1,"column":12},"end":{"line":89,"column":1}},"line":1},"1":{"name":"(anonymous_1)","decl":{"start":{"line":37,"column":2},"end":{"line":37,"column":3}},"loc":{"start":{"line":37,"column":18},"end":{"line":39,"column":3}},"line":37},"2":{"name":"(anonymous_2)","decl":{"start":{"line":41,"column":2},"end":{"line":41,"column":3}},"loc":{"start":{"line":41,"column":17},"end":{"line":47,"column":3}},"line":41},"3":{"name":"(anonymous_3)","decl":{"start":{"line":49,"column":2},"end":{"line":49,"column":3}},"loc":{"start":{"line":49,"column":13},"end":{"line":51,"column":3}},"line":49},"4":{"name":"(anonymous_4)","decl":{"start":{"line":53,"column":2},"end":{"line":53,"column":3}},"loc":{"start":{"line":53,"column":22},"end":{"line":55,"column":3}},"line":53},"5":{"name":"(anonymous_5)","decl":{"start":{"line":57,"column":2},"end":{"line":57,"column":3}},"loc":{"start":{"line":57,"column":23},"end":{"line":61,"column":3}},"line":57},"6":{"name":"render","decl":{"start":{"line":91,"column":35},"end":{"line":91,"column":41}},"loc":{"start":{"line":91,"column":45},"end":{"line":91,"column":835}},"line":91}},"branchMap":{"0":{"loc":{"start":{"line":54,"column":11},"end":{"line":54,"column":79}},"type":"cond-expr","locations":[{"start":{"line":54,"column":33},"end":{"line":54,"column":63}},{"start":{"line":54,"column":66},"end":{"line":54,"column":79}}],"line":54},"1":{"loc":{"start":{"line":90,"column":20},"end":{"line":90,"column":89}},"type":"cond-expr","locations":[{"start":{"line":90,"column":50},"end":{"line":90,"column":72}},{"start":{"line":90,"column":75},"end":{"line":90,"column":89}}],"line":90},"2":{"loc":{"start":{"line":90,"column":114},"end":{"line":90,"column":187}},"type":"cond-expr","locations":[{"start":{"line":90,"column":151},"end":{"line":90,"column":172}},{"start":{"line":90,"column":174},"end":{"line":90,"column":187}}],"line":90},"3":{"loc":{"start":{"line":91,"column":92},"end":{"line":91,"column":108}},"type":"binary-expr","locations":[{"start":{"line":91,"column":92},"end":{"line":91,"column":104}},{"start":{"line":91,"column":106},"end":{"line":91,"column":108}}],"line":91},"4":{"loc":{"start":{"line":91,"column":173},"end":{"line":91,"column":301}},"type":"cond-expr","locations":[{"start":{"line":91,"column":221},"end":{"line":91,"column":292}},{"start":{"line":91,"column":293},"end":{"line":91,"column":301}}],"line":91},"5":{"loc":{"start":{"line":91,"column":174},"end":{"line":91,"column":219}},"type":"binary-expr","locations":[{"start":{"line":91,"column":174},"end":{"line":91,"column":197}},{"start":{"line":91,"column":201},"end":{"line":91,"column":219}}],"line":91},"6":{"loc":{"start":{"line":91,"column":664},"end":{"line":91,"column":826}},"type":"cond-expr","locations":[{"start":{"line":91,"column":691},"end":{"line":91,"column":773}},{"start":{"line":91,"column":774},"end":{"line":91,"column":826}}],"line":91}},"s":{"0":3,"1":3,"2":3,"3":3,"4":3,"5":3,"6":3,"7":3,"8":3,"9":3,"10":3,"11":3,"12":3,"13":3,"14":3,"15":3,"16":3,"17":0,"18":1,"19":1,"20":1,"21":1,"22":3,"23":3,"24":3,"25":3,"26":3,"27":3,"28":3,"29":3,"30":3,"31":3,"32":3,"33":2,"34":2,"35":2,"36":2,"37":3},"f":{"0":3,"1":0,"2":1,"3":1,"4":1,"5":1,"6":2},"b":{"0":[0,1],"1":[3,0],"2":[3,0],"3":[2,0],"4":[0,2],"5":[2,0],"6":[2,0]},"_coverageSchema":"332fd63041d2c1bcb487cc26dd0d5f7d97098a6c","hash":"57b3296cf54eb254969c936f9f80e9e97de12eb6"}
,"/Users/qiangmingliang/Documents/frontend-admin-template/src/views/layout/components/AppMain.vue": {"path":"/Users/qiangmingliang/Documents/frontend-admin-template/src/views/layout/components/AppMain.vue","statementMap":{"0":{"start":{"line":18,"column":0},"end":{"line":null,"column":-1}},"1":{"start":{"line":20,"column":0},"end":{"line":null,"column":-1}},"2":{"start":{"line":21,"column":0},"end":{"line":null,"column":-1}},"3":{"start":{"line":23,"column":0},"end":{"line":null,"column":-1}},"4":{"start":{"line":26,"column":0},"end":{"line":null,"column":-1}},"5":{"start":{"line":24,"column":0},"end":{"line":null,"column":-1}}},"fnMap":{"0":{"name":"(anonymous_1)","decl":{"start":{"line":25,"column":0},"end":{"line":null,"column":-1}},"loc":{"start":{"line":25,"column":0},"end":{"line":29,"column":0}}}},"branchMap":{"0":{"loc":{"start":{"line":26,"column":0},"end":{"line":null,"column":-1}},"type":"cond-expr","locations":[{"start":{"line":26,"column":0},"end":{"line":null,"column":-1}},{"start":{"line":26,"column":0},"end":{"line":null,"column":-1}}]}},"s":{"0":3,"1":3,"2":3,"3":6,"4":0,"5":3},"f":{"0":0},"b":{"0":[0,0]}}
,"/Users/qiangmingliang/Documents/frontend-admin-template/src/views/layout/components/HeaderBar.vue": {"path":"/Users/qiangmingliang/Documents/frontend-admin-template/src/views/layout/components/HeaderBar.vue","statementMap":{"0":{"start":{"line":120,"column":0},"end":{"line":null,"column":-1}},"1":{"start":{"line":121,"column":0},"end":{"line":null,"column":-1}},"2":{"start":{"line":122,"column":0},"end":{"line":null,"column":-1}},"3":{"start":{"line":123,"column":0},"end":{"line":null,"column":-1}},"4":{"start":{"line":124,"column":0},"end":{"line":null,"column":-1}},"5":{"start":{"line":126,"column":0},"end":{"line":null,"column":-1}},"6":{"start":{"line":129,"column":0},"end":{"line":null,"column":-1}},"7":{"start":{"line":130,"column":0},"end":{"line":null,"column":-1}},"8":{"start":{"line":127,"column":0},"end":{"line":null,"column":-1}},"9":{"start":{"line":132,"column":0},"end":{"line":null,"column":-1}},"10":{"start":{"line":133,"column":0},"end":{"line":null,"column":-1}},"11":{"start":{"line":144,"column":0},"end":{"line":null,"column":-1}},"12":{"start":{"line":150,"column":0},"end":{"line":null,"column":-1}},"13":{"start":{"line":151,"column":0},"end":{"line":null,"column":-1}},"14":{"start":{"line":153,"column":0},"end":{"line":158,"column":0}},"15":{"start":{"line":164,"column":0},"end":{"line":null,"column":-1}},"16":{"start":{"line":169,"column":0},"end":{"line":null,"column":-1}},"17":{"start":{"line":172,"column":0},"end":{"line":null,"column":-1}},"18":{"start":{"line":178,"column":0},"end":{"line":181,"column":0}},"19":{"start":{"line":180,"column":0},"end":{"line":null,"column":-1}},"20":{"start":{"line":145,"column":0},"end":{"line":null,"column":-1}},"21":{"start":{"line":146,"column":0},"end":{"line":null,"column":-1}},"22":{"start":{"line":147,"column":0},"end":{"line":null,"column":-1}},"23":{"start":{"line":148,"column":0},"end":{"line":null,"column":-1}},"24":{"start":{"line":149,"column":0},"end":{"line":null,"column":-1}},"25":{"start":{"line":144,"column":0},"end":{"line":135,"column":0}}},"fnMap":{"0":{"name":"(anonymous_1)","decl":{"start":{"line":135,"column":0},"end":{"line":null,"column":-1}},"loc":{"start":{"line":135,"column":0},"end":{"line":183,"column":0}}},"1":{"name":"(anonymous_2)","decl":{"start":{"line":163,"column":0},"end":{"line":null,"column":-1}},"loc":{"start":{"line":163,"column":0},"end":{"line":167,"column":0}}},"2":{"name":"(anonymous_3)","decl":{"start":{"line":168,"column":0},"end":{"line":null,"column":-1}},"loc":{"start":{"line":168,"column":0},"end":{"line":170,"column":0}}},"3":{"name":"(anonymous_4)","decl":{"start":{"line":171,"column":0},"end":{"line":null,"column":-1}},"loc":{"start":{"line":171,"column":0},"end":{"line":176,"column":0}}},"4":{"name":"(anonymous_5)","decl":{"start":{"line":177,"column":0},"end":{"line":null,"column":-1}},"loc":{"start":{"line":177,"column":0},"end":{"line":182,"column":0}}},"5":{"name":"(anonymous_6)","decl":{"start":{"line":178,"column":0},"end":{"line":null,"column":-1}},"loc":{"start":{"line":178,"column":0},"end":{"line":181,"column":0}}}},"branchMap":{},"s":{"0":3,"1":3,"2":3,"3":3,"4":3,"5":3,"6":3,"7":3,"8":3,"9":3,"10":3,"11":3,"12":0,"13":0,"14":0,"15":0,"16":0,"17":0,"18":0,"19":0,"20":3,"21":3,"22":3,"23":3,"24":3,"25":3},"f":{"0":0,"1":0,"2":0,"3":0,"4":0,"5":0},"b":{}}
[...]
,"/Users/qiangmingliang/Documents/frontend-admin-template/src/views/layout/components/Sidebar/index.vue": {"path":"/Users/qiangmingliang/Documents/frontend-admin-template/src/views/layout/components/Sidebar/index.vue","statementMap":{"0":{"start":{"line":26,"column":0},"end":{"line":null,"column":-1}},"1":{"start":{"line":28,"column":0},"end":{"line":null,"column":-1}},"2":{"start":{"line":30,"column":0},"end":{"line":null,"column":-1}},"3":{"start":{"line":33,"column":0},"end":{"line":null,"column":-1}},"4":{"start":{"line":34,"column":0},"end":{"line":null,"column":-1}},"5":{"start":{"line":31,"column":0},"end":{"line":null,"column":-1}},"6":{"start":{"line":35,"column":0},"end":{"line":null,"column":-1}},"7":{"start":{"line":36,"column":0},"end":{"line":null,"column":-1}},"8":{"start":{"line":43,"column":0},"end":{"line":null,"column":-1}},"9":{"start":{"line":50,"column":0},"end":{"line":null,"column":-1}},"10":{"start":{"line":54,"column":0},"end":{"line":null,"column":-1}},"11":{"start":{"line":60,"column":0},"end":{"line":null,"column":-1}},"12":{"start":{"line":65,"column":0},"end":{"line":null,"column":-1}},"13":{"start":{"line":68,"column":0},"end":{"line":null,"column":-1}},"14":{"start":{"line":71,"column":0},"end":{"line":null,"column":-1}},"15":{"start":{"line":72,"column":0},"end":{"line":79,"column":0}},"16":{"start":{"line":73,"column":0},"end":{"line":78,"column":0}},"17":{"start":{"line":74,"column":0},"end":{"line":null,"column":-1}},"18":{"start":{"line":75,"column":0},"end":{"line":77,"column":0}},"19":{"start":{"line":76,"column":0},"end":{"line":null,"column":-1}},"20":{"start":{"line":80,"column":0},"end":{"line":84,"column":0}},"21":{"start":{"line":81,"column":0},"end":{"line":null,"column":-1}},"22":{"start":{"line":82,"column":0},"end":{"line":null,"column":-1}},"23":{"start":{"line":83,"column":0},"end":{"line":null,"column":-1}},"24":{"start":{"line":87,"column":0},"end":{"line":89,"column":0}},"25":{"start":{"line":88,"column":0},"end":{"line":null,"column":-1}},"26":{"start":{"line":90,"column":0},"end":{"line":92,"column":0}},"27":{"start":{"line":91,"column":0},"end":{"line":null,"column":-1}},"28":{"start":{"line":93,"column":0},"end":{"line":null,"column":-1}},"29":{"start":{"line":96,"column":0},"end":{"line":110,"column":0}},"30":{"start":{"line":99,"column":0},"end":{"line":109,"column":0}},"31":{"start":{"line":103,"column":0},"end":{"line":null,"column":-1}},"32":{"start":{"line":105,"column":0},"end":{"line":107,"column":0}},"33":{"start":{"line":106,"column":0},"end":{"line":null,"column":-1}},"34":{"start":{"line":108,"column":0},"end":{"line":null,"column":-1}},"35":{"start":{"line":114,"column":0},"end":{"line":136,"column":0}},"36":{"start":{"line":115,"column":0},"end":{"line":null,"column":-1}},"37":{"start":{"line":116,"column":0},"end":{"line":125,"column":0}},"38":{"start":{"line":119,"column":0},"end":{"line":124,"column":0}},"39":{"start":{"line":120,"column":0},"end":{"line":null,"column":-1}},"40":{"start":{"line":121,"column":0},"end":{"line":123,"column":0}},"41":{"start":{"line":122,"column":0},"end":{"line":null,"column":-1}},"42":{"start":{"line":128,"column":0},"end":{"line":134,"column":0}},"43":{"start":{"line":129,"column":0},"end":{"line":null,"column":-1}},"44":{"start":{"line":130,"column":0},"end":{"line":null,"column":-1}},"45":{"start":{"line":132,"column":0},"end":{"line":null,"column":-1}},"46":{"start":{"line":133,"column":0},"end":{"line":null,"column":-1}},"47":{"start":{"line":135,"column":0},"end":{"line":null,"column":-1}},"48":{"start":{"line":137,"column":0},"end":{"line":null,"column":-1}},"49":{"start":{"line":140,"column":0},"end":{"line":null,"column":-1}},"50":{"start":{"line":141,"column":0},"end":{"line":143,"column":0}},"51":{"start":{"line":142,"column":0},"end":{"line":null,"column":-1}},"52":{"start":{"line":144,"column":0},"end":{"line":null,"column":-1}},"53":{"start":{"line":147,"column":0},"end":{"line":null,"column":-1}},"54":{"start":{"line":148,"column":0},"end":{"line":152,"column":0}},"55":{"start":{"line":149,"column":0},"end":{"line":null,"column":-1}},"56":{"start":{"line":150,"column":0},"end":{"line":null,"column":-1}},"57":{"start":{"line":151,"column":0},"end":{"line":null,"column":-1}},"58":{"start":{"line":160,"column":0},"end":{"line":165,"column":0}},"59":{"start":{"line":161,"column":0},"end":{"line":null,"column":-1}},"60":{"start":{"line":162,"column":0},"end":{"line":null,"column":-1}},"61":{"start":{"line":163,"column":0},"end":{"line":null,"column":-1}},"62":{"start":{"line":164,"column":0},"end":{"line":null,"column":-1}},"63":{"start":{"line":44,"column":0},"end":{"line":null,"column":-1}},"64":{"start":{"line":45,"column":0},"end":{"line":null,"column":-1}},"65":{"start":{"line":46,"column":0},"end":{"line":null,"column":-1}},"66":{"start":{"line":47,"column":0},"end":{"line":null,"column":-1}},"67":{"start":{"line":48,"column":0},"end":{"line":null,"column":-1}},"68":{"start":{"line":49,"column":0},"end":{"line":null,"column":-1}},"69":{"start":{"line":43,"column":0},"end":{"line":38,"column":0}}},"fnMap":{"0":{"name":"(anonymous_1)","decl":{"start":{"line":38,"column":0},"end":{"line":null,"column":-1}},"loc":{"start":{"line":38,"column":0},"end":{"line":167,"column":0}}},"1":{"name":"(anonymous_2)","decl":{"start":{"line":53,"column":0},"end":{"line":null,"column":-1}},"loc":{"start":{"line":53,"column":0},"end":{"line":58,"column":0}}},"2":{"name":"(anonymous_3)","decl":{"start":{"line":59,"column":0},"end":{"line":null,"column":-1}},"loc":{"start":{"line":59,"column":0},"end":{"line":63,"column":0}}},"3":{"name":"(anonymous_4)","decl":{"start":{"line":64,"column":0},"end":{"line":null,"column":-1}},"loc":{"start":{"line":64,"column":0},"end":{"line":66,"column":0}}},"4":{"name":"(anonymous_5)","decl":{"start":{"line":67,"column":0},"end":{"line":null,"column":-1}},"loc":{"start":{"line":67,"column":0},"end":{"line":69,"column":0}}},"5":{"name":"(anonymous_6)","decl":{"start":{"line":70,"column":0},"end":{"line":null,"column":-1}},"loc":{"start":{"line":70,"column":0},"end":{"line":85,"column":0}}},"6":{"name":"(anonymous_7)","decl":{"start":{"line":72,"column":0},"end":{"line":null,"column":-1}},"loc":{"start":{"line":72,"column":0},"end":{"line":79,"column":0}}},"7":{"name":"(anonymous_8)","decl":{"start":{"line":86,"column":0},"end":{"line":null,"column":-1}},"loc":{"start":{"line":86,"column":0},"end":{"line":94,"column":0}}},"8":{"name":"(anonymous_9)","decl":{"start":{"line":95,"column":0},"end":{"line":null,"column":-1}},"loc":{"start":{"line":95,"column":0},"end":{"line":112,"column":0}}},"9":{"name":"(anonymous_10)","decl":{"start":{"line":96,"column":0},"end":{"line":null,"column":-1}},"loc":{"start":{"line":96,"column":0},"end":{"line":110,"column":0}}},"10":{"name":"(anonymous_11)","decl":{"start":{"line":113,"column":0},"end":{"line":null,"column":-1}},"loc":{"start":{"line":113,"column":0},"end":{"line":138,"column":0}}},"11":{"name":"(anonymous_12)","decl":{"start":{"line":116,"column":0},"end":{"line":null,"column":-1}},"loc":{"start":{"line":116,"column":0},"end":{"line":125,"column":0}}},"12":{"name":"(anonymous_13)","decl":{"start":{"line":139,"column":0},"end":{"line":null,"column":-1}},"loc":{"start":{"line":139,"column":0},"end":{"line":145,"column":0}}},"13":{"name":"(anonymous_14)","decl":{"start":{"line":146,"column":0},"end":{"line":null,"column":-1}},"loc":{"start":{"line":146,"column":0},"end":{"line":153,"column":0}}},"14":{"name":"(anonymous_15)","decl":{"start":{"line":159,"column":0},"end":{"line":null,"column":-1}},"loc":{"start":{"line":159,"column":0},"end":{"line":166,"column":0}}}},"branchMap":{"0":{"loc":{"start":{"line":73,"column":0},"end":{"line":78,"column":0}},"type":"if","locations":[{"start":{"line":73,"column":0},"end":{"line":78,"column":0}},{"start":{"line":73,"column":0},"end":{"line":78,"column":0}}]},"1":{"loc":{"start":{"line":73,"column":0},"end":{"line":null,"column":-1}},"type":"binary-expr","locations":[{"start":{"line":73,"column":0},"end":{"line":null,"column":-1}},{"start":{"line":73,"column":0},"end":{"line":null,"column":-1}},{"start":{"line":73,"column":0},"end":{"line":null,"column":-1}}]},"2":{"loc":{"start":{"line":75,"column":0},"end":{"line":77,"column":0}},"type":"if","locations":[{"start":{"line":75,"column":0},"end":{"line":77,"column":0}},{"start":{"line":75,"column":0},"end":{"line":77,"column":0}}]},"3":{"loc":{"start":{"line":75,"column":0},"end":{"line":null,"column":-1}},"type":"binary-expr","locations":[{"start":{"line":75,"column":0},"end":{"line":null,"column":-1}},{"start":{"line":75,"column":0},"end":{"line":null,"column":-1}}]},"4":{"loc":{"start":{"line":80,"column":0},"end":{"line":84,"column":0}},"type":"if","locations":[{"start":{"line":80,"column":0},"end":{"line":84,"column":0}},{"start":{"line":80,"column":0},"end":{"line":84,"column":0}}]},"5":{"loc":{"start":{"line":87,"column":0},"end":{"line":89,"column":0}},"type":"if","locations":[{"start":{"line":87,"column":0},"end":{"line":89,"column":0}},{"start":{"line":87,"column":0},"end":{"line":89,"column":0}}]},"6":{"loc":{"start":{"line":87,"column":0},"end":{"line":null,"column":-1}},"type":"binary-expr","locations":[{"start":{"line":87,"column":0},"end":{"line":null,"column":-1}},{"start":{"line":87,"column":0},"end":{"line":null,"column":-1}}]},"7":{"loc":{"start":{"line":90,"column":0},"end":{"line":92,"column":0}},"type":"if","locations":[{"start":{"line":90,"column":0},"end":{"line":92,"column":0}},{"start":{"line":90,"column":0},"end":{"line":92,"column":0}}]},"8":{"loc":{"start":{"line":99,"column":0},"end":{"line":109,"column":0}},"type":"if","locations":[{"start":{"line":99,"column":0},"end":{"line":109,"column":0}},{"start":{"line":99,"column":0},"end":{"line":109,"column":0}}]},"9":{"loc":{"start":{"line":99,"column":0},"end":{"line":null,"column":-1}},"type":"binary-expr","locations":[{"start":{"line":99,"column":0},"end":{"line":null,"column":-1}},{"start":{"line":99,"column":0},"end":{"line":null,"column":-1}},{"start":{"line":99,"column":0},"end":{"line":null,"column":-1}}]},"10":{"loc":{"start":{"line":105,"column":0},"end":{"line":107,"column":0}},"type":"if","locations":[{"start":{"line":105,"column":0},"end":{"line":107,"column":0}},{"start":{"line":105,"column":0},"end":{"line":107,"column":0}}]},"11":{"loc":{"start":{"line":105,"column":0},"end":{"line":null,"column":-1}},"type":"binary-expr","locations":[{"start":{"line":105,"column":0},"end":{"line":null,"column":-1}},{"start":{"line":105,"column":0},"end":{"line":null,"column":-1}}]},"12":{"loc":{"start":{"line":114,"column":0},"end":{"line":136,"column":0}},"type":"if","locations":[{"start":{"line":114,"column":0},"end":{"line":136,"column":0}},{"start":{"line":114,"column":0},"end":{"line":136,"column":0}}]},"13":{"loc":{"start":{"line":114,"column":0},"end":{"line":null,"column":-1}},"type":"binary-expr","locations":[{"start":{"line":114,"column":0},"end":{"line":null,"column":-1}},{"start":{"line":114,"column":0},"end":{"line":null,"column":-1}}]},"14":{"loc":{"start":{"line":119,"column":0},"end":{"line":124,"column":0}},"type":"if","locations":[{"start":{"line":119,"column":0},"end":{"line":124,"column":0}},{"start":{"line":119,"column":0},"end":{"line":124,"column":0}}]},"15":{"loc":{"start":{"line":119,"column":0},"end":{"line":null,"column":-1}},"type":"binary-expr","locations":[{"start":{"line":119,"column":0},"end":{"line":null,"column":-1}},{"start":{"line":119,"column":0},"end":{"line":null,"column":-1}},{"start":{"line":119,"column":0},"end":{"line":null,"column":-1}}]},"16":{"loc":{"start":{"line":121,"column":0},"end":{"line":123,"column":0}},"type":"if","locations":[{"start":{"line":121,"column":0},"end":{"line":123,"column":0}},{"start":{"line":121,"column":0},"end":{"line":123,"column":0}}]},"17":{"loc":{"start":{"line":121,"column":0},"end":{"line":null,"column":-1}},"type":"binary-expr","locations":[{"start":{"line":121,"column":0},"end":{"line":null,"column":-1}},{"start":{"line":121,"column":0},"end":{"line":null,"column":-1}}]},"18":{"loc":{"start":{"line":128,"column":0},"end":{"line":134,"column":0}},"type":"if","locations":[{"start":{"line":128,"column":0},"end":{"line":134,"column":0}},{"start":{"line":128,"column":0},"end":{"line":134,"column":0}}]},"19":{"loc":{"start":{"line":132,"column":0},"end":{"line":null,"column":-1}},"type":"binary-expr","locations":[{"start":{"line":132,"column":0},"end":{"line":null,"column":-1}},{"start":{"line":132,"column":0},"end":{"line":null,"column":-1}}]},"20":{"loc":{"start":{"line":141,"column":0},"end":{"line":143,"column":0}},"type":"if","locations":[{"start":{"line":141,"column":0},"end":{"line":143,"column":0}},{"start":{"line":141,"column":0},"end":{"line":143,"column":0}}]},"21":{"loc":{"start":{"line":148,"column":0},"end":{"line":152,"column":0}},"type":"if","locations":[{"start":{"line":148,"column":0},"end":{"line":152,"column":0}},{"start":{"line":148,"column":0},"end":{"line":152,"column":0}}]},"22":{"loc":{"start":{"line":148,"column":0},"end":{"line":null,"column":-1}},"type":"binary-expr","locations":[{"start":{"line":148,"column":0},"end":{"line":null,"column":-1}},{"start":{"line":148,"column":0},"end":{"line":null,"column":-1}}]},"23":{"loc":{"start":{"line":160,"column":0},"end":{"line":165,"column":0}},"type":"if","locations":[{"start":{"line":160,"column":0},"end":{"line":165,"column":0}},{"start":{"line":160,"column":0},"end":{"line":165,"column":0}}]}},"s":{"0":3,"1":3,"2":3,"3":3,"4":3,"5":3,"6":3,"7":3,"8":3,"9":0,"10":0,"11":0,"12":0,"13":0,"14":0,"15":0,"16":0,"17":0,"18":0,"19":0,"20":0,"21":0,"22":0,"23":0,"24":0,"25":0,"26":0,"27":0,"28":0,"29":0,"30":0,"31":0,"32":0,"33":0,"34":0,"35":0,"36":0,"37":0,"38":0,"39":0,"40":0,"41":0,"42":0,"43":0,"44":0,"45":0,"46":0,"47":0,"48":0,"49":0,"50":0,"51":0,"52":0,"53":0,"54":0,"55":0,"56":0,"57":0,"58":0,"59":0,"60":0,"61":0,"62":0,"63":3,"64":3,"65":3,"66":3,"67":3,"68":3,"69":3},"f":{"0":0,"1":0,"2":0,"3":0,"4":0,"5":0,"6":0,"7":0,"8":0,"9":0,"10":0,"11":0,"12":0,"13":0,"14":0},"b":{"0":[0,0],"1":[0,0,0],"2":[0,0],"3":[0,0],"4":[0,0],"5":[0,0],"6":[0,0],"7":[0,0],"8":[0,0],"9":[0,0,0],"10":[0,0],"11":[0,0],"12":[0,0],"13":[0,0],"14":[0,0],"15":[0,0,0],"16":[0,0],"17":[0,0],"18":[0,0],"19":[0,0],"20":[0,0],"21":[0,0],"22":[0,0],"23":[0,0]}}
,"/Users/qiangmingliang/Documents/frontend-admin-template/src/views/layout/mixin/ResizeHandler.ts": {"path":"/Users/qiangmingliang/Documents/frontend-admin-template/src/views/layout/mixin/ResizeHandler.ts","statementMap":{"0":{"start":{"line":1,"column":0},"end":{"line":null,"column":-1}},"1":{"start":{"line":2,"column":0},"end":{"line":null,"column":-1}},"2":{"start":{"line":3,"column":22},"end":{"line":3,"column":0}},"3":{"start":{"line":11,"column":17},"end":{"line":11,"column":0}},"4":{"start":{"line":12,"column":14},"end":{"line":12,"column":0}},"5":{"start":{"line":13,"column":14},"end":{"line":13,"column":0}},"6":{"start":{"line":16,"column":0},"end":{"line":16,"column":-1}},"7":{"start":{"line":24,"column":4},"end":{"line":null,"column":-1}},"8":{"start":{"line":27,"column":4},"end":{"line":null,"column":-1}},"9":{"start":{"line":31,"column":4},"end":{"line":33,"column":5}},"10":{"start":{"line":32,"column":6},"end":{"line":null,"column":-1}},"11":{"start":{"line":36,"column":4},"end":{"line":null,"column":-1}},"12":{"start":{"line":39,"column":21},"end":{"line":39,"column":4}},"13":{"start":{"line":40,"column":4},"end":{"line":43,"column":5}},"14":{"start":{"line":41,"column":6},"end":{"line":null,"column":-1}},"15":{"start":{"line":42,"column":6},"end":{"line":null,"column":-1}},"16":{"start":{"line":46,"column":17},"end":{"line":46,"column":4}},"17":{"start":{"line":47,"column":4},"end":{"line":null,"column":-1}},"18":{"start":{"line":50,"column":4},"end":{"line":56,"column":5}},"19":{"start":{"line":51,"column":23},"end":{"line":51,"column":6}},"20":{"start":{"line":52,"column":6},"end":{"line":null,"column":-1}},"21":{"start":{"line":53,"column":6},"end":{"line":55,"column":7}},"22":{"start":{"line":54,"column":8},"end":{"line":null,"column":-1}},"23":{"start":{"line":17,"column":34},"end":{"line":null,"column":-1}},"24":{"start":{"line":18,"column":33},"end":{"line":null,"column":-1}},"25":{"start":{"line":19,"column":24},"end":{"line":null,"column":-1}},"26":{"start":{"line":22,"column":24},"end":{"line":null,"column":-1}},"27":{"start":{"line":30,"column":2},"end":{"line":null,"column":-1}},"28":{"start":{"line":16,"column":21},"end":{"line":null,"column":-1}}},"fnMap":{"0":{"name":"(anonymous_0)","decl":{"start":{"line":23,"column":2},"end":{"line":23,"column":5}},"loc":{"start":{"line":23,"column":12},"end":{"line":25,"column":3}}},"1":{"name":"(anonymous_1)","decl":{"start":{"line":26,"column":2},"end":{"line":26,"column":5}},"loc":{"start":{"line":26,"column":13},"end":{"line":28,"column":3}}},"2":{"name":"(anonymous_2)","decl":{"start":{"line":30,"column":10},"end":{"line":30,"column":22}},"loc":{"start":{"line":30,"column":23},"end":{"line":34,"column":3}}},"3":{"name":"(anonymous_3)","decl":{"start":{"line":35,"column":10},"end":{"line":35,"column":20}},"loc":{"start":{"line":35,"column":21},"end":{"line":37,"column":3}}},"4":{"name":"(anonymous_4)","decl":{"start":{"line":38,"column":10},"end":{"line":38,"column":16}},"loc":{"start":{"line":38,"column":17},"end":{"line":44,"column":3}}},"5":{"name":"(anonymous_5)","decl":{"start":{"line":45,"column":10},"end":{"line":45,"column":17}},"loc":{"start":{"line":45,"column":18},"end":{"line":48,"column":3}}},"6":{"name":"(anonymous_6)","decl":{"start":{"line":49,"column":10},"end":{"line":49,"column":22}},"loc":{"start":{"line":49,"column":23},"end":{"line":57,"column":3}}}},"branchMap":{"0":{"loc":{"start":{"line":31,"column":4},"end":{"line":33,"column":5}},"type":"if","locations":[{"start":{"line":31,"column":4},"end":{"line":33,"column":5}},{"start":{"line":31,"column":4},"end":{"line":33,"column":5}}]},"1":{"loc":{"start":{"line":31,"column":8},"end":{"line":31,"column":7}},"type":"binary-expr","locations":[{"start":{"line":31,"column":8},"end":{"line":31,"column":7}},{"start":{"line":31,"column":36},"end":{"line":31,"column":4}}]},"2":{"loc":{"start":{"line":40,"column":4},"end":{"line":43,"column":5}},"type":"if","locations":[{"start":{"line":40,"column":4},"end":{"line":43,"column":5}},{"start":{"line":40,"column":4},"end":{"line":43,"column":5}}]},"3":{"loc":{"start":{"line":50,"column":4},"end":{"line":56,"column":5}},"type":"if","locations":[{"start":{"line":50,"column":4},"end":{"line":56,"column":5}},{"start":{"line":50,"column":4},"end":{"line":56,"column":5}}]},"4":{"loc":{"start":{"line":52,"column":35},"end":{"line":52,"column":32}},"type":"cond-expr","locations":[{"start":{"line":52,"column":35},"end":{"line":52,"column":32}},{"start":{"line":52,"column":46},"end":{"line":52,"column":6}}]},"5":{"loc":{"start":{"line":53,"column":6},"end":{"line":55,"column":7}},"type":"if","locations":[{"start":{"line":53,"column":6},"end":{"line":55,"column":7}},{"start":{"line":53,"column":6},"end":{"line":55,"column":7}}]}},"s":{"0":3,"1":3,"2":3,"3":3,"4":3,"5":3,"6":3,"7":0,"8":0,"9":0,"10":0,"11":1,"12":1,"13":1,"14":1,"15":1,"16":1,"17":1,"18":0,"19":0,"20":0,"21":0,"22":0,"23":3,"24":3,"25":3,"26":3,"27":3,"28":3},"f":{"0":0,"1":0,"2":0,"3":1,"4":1,"5":1,"6":0},"b":{"0":[0,0],"1":[0,0],"2":[1,0],"3":[0,0],"4":[0,0],"5":[0,0]}}
}
