TN:
SF:/Users/qiangmingliang/Documents/frontend-admin-template/src/api/auth.ts
FN:4,signIn
FN:13,register
FN:22,resetPassword
FN:31,signOut
FN:39,getHash
FN:47,getUserInfo
FN:54,sendCode
FNF:7
FNH:7
FNDA:1,signIn
FNDA:1,register
FNDA:1,resetPassword
FNDA:1,signOut
FNDA:1,getHash
FNDA:1,getUserInfo
FNDA:3,sendCode
DA:1,6
DA:5,1
DA:14,1
DA:23,1
DA:32,1
DA:40,1
DA:48,1
DA:55,3
LF:8
LH:8
BRF:0
BRH:0
end_of_record
TN:
SF:/Users/qiangmingliang/Documents/frontend-admin-template/src/components/Breadcrumb/index.vue
FN:35,(anonymous_1)
FN:40,(anonymous_2)
FN:47,(anonymous_3)
FN:51,(anonymous_4)
FN:54,(anonymous_5)
FN:56,(anonymous_6)
FN:60,(anonymous_7)
FNF:7
FNH:6
FNDA:3,(anonymous_1)
FNDA:3,(anonymous_2)
FNDA:1,(anonymous_3)
FNDA:3,(anonymous_4)
FNDA:5,(anonymous_5)
FNDA:0,(anonymous_6)
FNDA:5,(anonymous_7)
DA:31,4
DA:33,4
DA:36,8
DA:39,3
DA:41,3
DA:47,4
DA:48,1
DA:49,1
DA:52,3
DA:55,5
DA:56,5
DA:57,5
DA:58,5
DA:61,5
DA:62,5
DA:63,1
DA:69,1
DA:71,5
LF:18
LH:18
BRDA:49,0,0,1
BRDA:49,0,1,1
BRDA:62,1,0,1
BRDA:62,1,1,4
BRDA:62,2,0,5
BRDA:62,2,1,1
BRF:6
BRH:6
end_of_record
TN:
SF:/Users/qiangmingliang/Documents/frontend-admin-template/src/components/Hamburger/index.vue
FNF:0
FNH:0
DA:16,3
DA:17,3
DA:19,3
DA:22,6
DA:23,3
DA:24,3
LF:6
LH:6
BRF:0
BRH:0
end_of_record
TN:
SF:/Users/qiangmingliang/Documents/frontend-admin-template/src/components/PageLoading/index.vue
FNF:0
FNH:0
DA:11,3
DA:13,3
DA:15,3
DA:18,6
DA:19,3
LF:5
LH:5
BRF:0
BRH:0
end_of_record
TN:
SF:/Users/qiangmingliang/Documents/frontend-admin-template/src/components/Refresh/index.vue
FN:15,(anonymous_1)
FNF:1
FNH:1
FNDA:1,(anonymous_1)
DA:11,4
DA:14,8
DA:16,1
LF:3
LH:3
BRF:0
BRH:0
end_of_record
TN:
SF:/Users/qiangmingliang/Documents/frontend-admin-template/src/components/Screenfull/index.vue
FN:17,(anonymous_1)
FN:22,(anonymous_2)
FNF:2
FNH:2
FNDA:1,(anonymous_1)
FNDA:2,(anonymous_2)
DA:11,4
DA:12,4
DA:15,8
DA:18,1
DA:23,2
DA:24,1
DA:28,1
DA:30,1
LF:8
LH:8
BRDA:23,0,0,1
BRDA:23,0,1,1
BRF:2
BRH:2
end_of_record
TN:
SF:/Users/qiangmingliang/Documents/frontend-admin-template/src/components/ScrollPane/index.vue
FN:25,(anonymous_1)
FN:30,(anonymous_2)
FN:42,(anonymous_3)
FN:57,(anonymous_4)
FN:71,(anonymous_5)
FN:78,(anonymous_6)
FNF:6
FNH:6
FNDA:7,(anonymous_1)
FNDA:2,(anonymous_2)
FNDA:2,(anonymous_3)
FNDA:2,(anonymous_4)
FNDA:1,(anonymous_5)
FNDA:3,(anonymous_6)
DA:18,4
DA:20,4
DA:23,8
DA:26,7
DA:31,2
DA:32,2
DA:33,2
DA:34,2
DA:35,2
DA:36,2
DA:37,1
DA:39,1
DA:47,2
DA:48,1
DA:54,1
DA:62,2
DA:63,1
DA:65,1
DA:72,1
DA:73,1
DA:74,1
DA:75,1
DA:76,1
DA:83,3
DA:85,1
DA:86,2
DA:93,1
LF:27
LH:27
BRDA:31,0,0,2
BRDA:31,0,1,1
BRDA:36,1,0,1
BRDA:36,1,1,1
BRDA:47,2,0,1
BRDA:47,2,1,1
BRDA:62,3,0,1
BRDA:62,3,1,1
BRDA:83,4,0,1
BRDA:83,4,1,2
BRDA:86,5,0,1
BRDA:86,5,1,1
BRDA:86,6,0,2
BRDA:86,6,1,2
BRF:14
BRH:14
end_of_record
TN:
SF:/Users/qiangmingliang/Documents/frontend-admin-template/src/components/SearchForm/index.vue
FN:25,(anonymous_1)
FN:30,(anonymous_2)
FNF:2
FNH:2
FNDA:2,(anonymous_1)
FNDA:2,(anonymous_2)
DA:19,2
DA:22,4
DA:23,2
DA:26,2
DA:31,2
DA:32,2
LF:6
LH:6
BRDA:32,0,0,2
BRDA:32,0,1,2
BRF:2
BRH:2
end_of_record
TN:
SF:/Users/qiangmingliang/Documents/frontend-admin-template/src/components/ThemeSelect/index.vue
FN:47,(anonymous_1)
FN:56,(anonymous_2)
FNF:2
FNH:2
FNDA:1,(anonymous_1)
FNDA:1,(anonymous_2)
DA:35,4
DA:37,4
DA:38,4
DA:40,4
DA:41,4
DA:44,8
DA:45,4
DA:46,4
DA:48,1
DA:49,1
DA:50,1
DA:54,1
DA:57,1
LF:13
LH:13
BRF:0
BRH:0
end_of_record
TN:
SF:/Users/qiangmingliang/Documents/frontend-admin-template/src/components/VerificationCode/index.vue
FN:35,(anonymous_1)
FN:44,(anonymous_2)
FN:46,(anonymous_3)
FN:56,(anonymous_4)
FN:59,(anonymous_5)
FN:60,(anonymous_6)
FN:64,(anonymous_7)
FN:82,(anonymous_8)
FN:96,(anonymous_9)
FNF:9
FNH:9
FNDA:29,(anonymous_1)
FNDA:3,(anonymous_2)
FNDA:151,(anonymous_3)
FNDA:1,(anonymous_4)
FNDA:1,(anonymous_5)
FNDA:1,(anonymous_6)
FNDA:4,(anonymous_7)
FNDA:2,(anonymous_8)
FNDA:3,(anonymous_9)
DA:16,4
DA:18,4
DA:20,4
DA:21,4
DA:23,4
DA:24,4
DA:27,8
DA:28,4
DA:29,4
DA:36,29
DA:45,3
DA:46,3
DA:47,151
DA:48,2
DA:49,2
DA:50,2
DA:52,149
DA:57,1
DA:60,1
DA:61,1
DA:65,4
DA:66,4
DA:67,1
DA:68,1
DA:70,3
DA:71,1
DA:72,1
DA:74,2
DA:75,1
DA:76,1
DA:77,1
DA:78,1
DA:80,1
DA:83,2
DA:84,2
DA:85,2
DA:89,2
DA:90,2
DA:92,1
DA:94,2
DA:97,3
DA:98,3
DA:99,2
DA:100,2
DA:101,2
DA:103,1
DA:106,1
LF:47
LH:47
BRDA:47,0,0,2
BRDA:47,0,1,149
BRDA:66,1,0,1
BRDA:66,1,1,3
BRDA:67,2,0,1
BRDA:67,2,1,1
BRDA:70,3,0,1
BRDA:70,3,1,2
BRDA:74,4,0,1
BRDA:74,4,1,1
BRDA:98,5,0,2
BRDA:98,5,1,1
BRF:12
BRH:12
end_of_record
TN:
SF:/Users/qiangmingliang/Documents/frontend-admin-template/src/lang/index.ts
FNF:0
FNH:0
DA:1,17
DA:2,17
DA:3,17
DA:4,17
DA:5,17
DA:7,17
DA:9,17
DA:16,17
LF:8
LH:8
BRDA:17,0,0,17
BRDA:17,0,1,17
BRF:2
BRH:2
end_of_record
TN:
SF:/Users/qiangmingliang/Documents/frontend-admin-template/src/lang/zh.ts
FNF:0
FNH:0
DA:1,17
DA:4,17
DA:5,17
LF:3
LH:3
BRF:0
BRH:0
end_of_record
TN:
SF:/Users/qiangmingliang/Documents/frontend-admin-template/src/store/mutation-types.ts
FNF:0
FNH:0
DA:1,1
DA:6,1
DA:10,1
DA:16,1
DA:29,1
DA:36,1
DA:40,1
LF:7
LH:7
BRF:0
BRH:0
end_of_record
TN:
SF:/Users/qiangmingliang/Documents/frontend-admin-template/src/store/modules/app.ts
FNF:0
FNH:0
DA:2,1
DA:4,1
DA:18,1
DA:20,1
DA:34,1
DA:36,1
DA:38,0
DA:39,0
DA:41,0
DA:43,0
DA:44,0
DA:46,1
DA:50,1
DA:53,1
DA:54,1
DA:57,1
DA:58,1
DA:59,1
DA:62,1
DA:65,1
DA:68,1
DA:69,1
DA:72,1
DA:73,1
DA:76,0
DA:79,0
DA:83,1
DA:85,1
DA:88,1
DA:97,1
DA:103,1
DA:106,1
DA:112,1
DA:118,1
DA:124,1
DA:130,1
DA:136,1
LF:37
LH:30
BRDA:28,0,0,1
BRDA:28,0,1,1
BRDA:29,1,0,1
BRDA:29,1,1,1
BRDA:36,2,0,0
BRDA:36,2,1,1
BRDA:38,3,0,0
BRDA:38,3,1,0
BRF:8
BRH:5
end_of_record
TN:
SF:/Users/qiangmingliang/Documents/frontend-admin-template/src/utils/encrypt.ts
FN:4,passwordEncrypt
FNF:1
FNH:1
FNDA:3,passwordEncrypt
DA:1,5
DA:2,5
DA:9,3
DA:10,3
DA:13,3
DA:14,3
LF:6
LH:6
BRDA:13,0,0,3
BRDA:13,0,1,1
BRF:2
BRH:2
end_of_record
TN:
SF:/Users/qiangmingliang/Documents/frontend-admin-template/src/utils/i18n.ts
FN:2,generateTitle
FNF:1
FNH:1
FNDA:2,generateTitle
DA:3,2
DA:4,2
DA:6,2
DA:7,1
DA:9,1
LF:5
LH:5
BRDA:6,0,0,1
BRDA:6,0,1,1
BRF:2
BRH:2
end_of_record
TN:
SF:/Users/qiangmingliang/Documents/frontend-admin-template/src/utils/index.ts
FN:81,deepClone
FN:97,rename
FN:109,validateImagesError
FN:144,validateConstructor
FN:147,(anonymous_4)
FN:167,errMsg
FNF:6
FNH:5
FNDA:6,deepClone
FNDA:1,rename
FNDA:3,validateImagesError
FNDA:24,validateConstructor
FNDA:20,(anonymous_4)
FNDA:0,errMsg
DA:1,5
DA:3,5
DA:7,5
DA:11,5
DA:82,6
DA:83,6
DA:84,6
DA:85,28
DA:86,28
DA:87,3
DA:88,3
DA:90,25
DA:94,6
DA:98,1
DA:101,1
DA:104,1
DA:105,1
DA:106,1
DA:110,3
DA:116,3
DA:117,1
DA:121,1
DA:122,2
DA:123,1
DA:127,1
DA:129,1
DA:147,24
DA:148,20
DA:149,17
DA:150,3
DA:155,1
DA:156,2
DA:160,1
DA:162,1
DA:168,0
DA:169,0
DA:174,0
LF:37
LH:34
BRDA:81,0,0,2
BRDA:85,1,0,28
BRDA:85,1,1,0
BRDA:86,2,0,3
BRDA:86,2,1,25
BRDA:86,3,0,28
BRDA:86,3,1,28
BRDA:87,4,0,2
BRDA:87,4,1,1
BRDA:116,5,0,1
BRDA:116,5,1,2
BRDA:116,6,0,3
BRDA:116,6,1,1
BRDA:116,6,2,1
BRDA:122,7,0,1
BRDA:122,7,1,1
BRDA:148,8,0,17
BRDA:148,8,1,3
BRDA:148,9,0,20
BRDA:148,9,1,3
BRDA:148,9,2,3
BRDA:150,10,0,1
BRDA:150,10,1,2
BRDA:151,11,0,3
BRDA:151,11,1,1
BRDA:151,11,2,1
BRDA:151,11,3,0
BRDA:156,12,0,1
BRDA:156,12,1,1
BRDA:157,13,0,2
BRDA:157,13,1,2
BRF:31
BRH:29
end_of_record
TN:
SF:/Users/qiangmingliang/Documents/frontend-admin-template/src/views/auth/index.vue
FN:67,(anonymous_1)
FN:72,(anonymous_2)
FN:75,(anonymous_3)
FN:78,(anonymous_4)
FN:81,(anonymous_5)
FN:84,(anonymous_6)
FN:87,(anonymous_7)
FNF:7
FNH:7
FNDA:1,(anonymous_1)
FNDA:5,(anonymous_2)
FNDA:5,(anonymous_3)
FNDA:5,(anonymous_4)
FNDA:1,(anonymous_5)
FNDA:1,(anonymous_6)
FNDA:1,(anonymous_7)
DA:52,1
DA:54,1
DA:55,1
DA:56,1
DA:65,1
DA:68,1
DA:73,5
DA:76,5
DA:79,5
DA:82,1
DA:85,1
DA:88,1
LF:12
LH:12
BRF:0
BRH:0
end_of_record
TN:
SF:/Users/qiangmingliang/Documents/frontend-admin-template/src/views/auth/components/forget.vue
FN:126,(anonymous_1)
FN:145,(anonymous_2)
FN:154,(anonymous_3)
FN:157,(anonymous_4)
FN:161,(anonymous_5)
FN:164,(anonymous_6)
FN:173,(anonymous_7)
FN:182,(anonymous_8)
FN:183,(anonymous_9)
FN:190,(anonymous_10)
FN:197,(anonymous_11)
FN:204,(anonymous_12)
FN:212,(anonymous_13)
FN:216,(anonymous_14)
FN:219,(anonymous_15)
FN:237,(anonymous_16)
FN:238,(anonymous_17)
FN:254,(anonymous_18)
FNF:18
FNH:13
FNDA:8,(anonymous_1)
FNDA:8,(anonymous_2)
FNDA:8,(anonymous_3)
FNDA:5,(anonymous_4)
FNDA:1,(anonymous_5)
FNDA:2,(anonymous_6)
FNDA:2,(anonymous_7)
FNDA:0,(anonymous_8)
FNDA:0,(anonymous_9)
FNDA:1,(anonymous_10)
FNDA:1,(anonymous_11)
FNDA:1,(anonymous_12)
FNDA:1,(anonymous_13)
FNDA:1,(anonymous_14)
FNDA:3,(anonymous_15)
FNDA:0,(anonymous_16)
FNDA:0,(anonymous_17)
FNDA:0,(anonymous_18)
DA:108,2
DA:110,2
DA:112,2
DA:114,2
DA:116,2
DA:118,2
DA:120,2
DA:121,2
DA:123,2
DA:124,2
DA:131,2
DA:137,8
DA:144,8
DA:146,8
DA:158,5
DA:159,5
DA:162,1
DA:165,2
DA:166,1
DA:167,1
DA:169,1
DA:170,1
DA:174,2
DA:175,1
DA:176,1
DA:178,1
DA:179,1
DA:183,0
DA:184,0
DA:185,0
DA:186,0
DA:191,1
DA:195,1
DA:198,1
DA:202,1
DA:205,1
DA:212,1
DA:213,1
DA:217,1
DA:220,3
DA:221,2
DA:222,1
DA:226,1
DA:228,1
DA:229,1
DA:230,1
DA:231,1
DA:232,1
DA:233,1
DA:235,1
DA:238,0
DA:240,0
DA:241,0
DA:242,0
DA:246,0
DA:247,0
DA:249,0
DA:256,0
LF:58
LH:46
BRDA:158,0,0,5
BRDA:158,0,1,1
BRDA:165,1,0,1
BRDA:165,1,1,1
BRDA:174,2,0,1
BRDA:174,2,1,1
BRDA:185,3,0,0
BRDA:185,3,1,0
BRDA:220,4,0,2
BRDA:220,4,1,1
BRDA:221,5,0,1
BRDA:221,5,1,1
BRDA:235,6,0,1
BRDA:235,6,1,1
BRDA:241,7,0,0
BRDA:241,7,1,0
BRF:16
BRH:12
end_of_record
TN:
SF:/Users/qiangmingliang/Documents/frontend-admin-template/src/views/auth/components/register.vue
FN:133,(anonymous_1)
FN:157,(anonymous_2)
FN:166,(anonymous_3)
FN:169,(anonymous_4)
FN:173,(anonymous_5)
FN:176,(anonymous_6)
FN:185,(anonymous_7)
FN:194,(anonymous_8)
FN:195,(anonymous_9)
FN:202,(anonymous_10)
FN:209,(anonymous_11)
FN:216,(anonymous_12)
FN:224,(anonymous_13)
FN:228,(anonymous_14)
FN:231,(anonymous_15)
FN:249,(anonymous_16)
FN:250,(anonymous_17)
FN:266,(anonymous_18)
FNF:18
FNH:13
FNDA:8,(anonymous_1)
FNDA:8,(anonymous_2)
FNDA:8,(anonymous_3)
FNDA:5,(anonymous_4)
FNDA:1,(anonymous_5)
FNDA:2,(anonymous_6)
FNDA:2,(anonymous_7)
FNDA:0,(anonymous_8)
FNDA:0,(anonymous_9)
FNDA:1,(anonymous_10)
FNDA:1,(anonymous_11)
FNDA:1,(anonymous_12)
FNDA:1,(anonymous_13)
FNDA:1,(anonymous_14)
FNDA:3,(anonymous_15)
FNDA:0,(anonymous_16)
FNDA:0,(anonymous_17)
FNDA:0,(anonymous_18)
DA:115,2
DA:117,2
DA:119,2
DA:121,2
DA:123,2
DA:125,2
DA:127,2
DA:128,2
DA:130,2
DA:131,2
DA:138,2
DA:144,8
DA:156,8
DA:158,8
DA:170,5
DA:171,5
DA:174,1
DA:177,2
DA:178,1
DA:179,1
DA:181,1
DA:182,1
DA:186,2
DA:187,1
DA:188,1
DA:190,1
DA:191,1
DA:195,0
DA:196,0
DA:197,0
DA:198,0
DA:203,1
DA:207,1
DA:210,1
DA:214,1
DA:217,1
DA:224,1
DA:225,1
DA:229,1
DA:232,3
DA:233,2
DA:234,1
DA:238,1
DA:240,1
DA:241,1
DA:242,1
DA:243,1
DA:244,1
DA:245,1
DA:247,1
DA:250,0
DA:252,0
DA:253,0
DA:254,0
DA:258,0
DA:259,0
DA:261,0
DA:268,0
LF:58
LH:46
BRDA:170,0,0,5
BRDA:170,0,1,1
BRDA:177,1,0,1
BRDA:177,1,1,1
BRDA:186,2,0,1
BRDA:186,2,1,1
BRDA:197,3,0,0
BRDA:197,3,1,0
BRDA:232,4,0,2
BRDA:232,4,1,1
BRDA:233,5,0,1
BRDA:233,5,1,1
BRDA:247,6,0,1
BRDA:247,6,1,1
BRDA:253,7,0,0
BRDA:253,7,1,0
BRF:16
BRH:12
end_of_record
TN:
SF:/Users/qiangmingliang/Documents/frontend-admin-template/src/views/auth/components/signIn.vue
FN:84,(anonymous_1)
FN:95,(anonymous_2)
FN:98,(anonymous_3)
FN:101,(anonymous_4)
FN:105,(anonymous_5)
FN:114,(anonymous_6)
FN:115,(anonymous_7)
FN:122,(anonymous_8)
FN:125,(anonymous_9)
FN:135,(anonymous_10)
FN:145,(anonymous_11)
FNF:11
FNH:8
FNDA:9,(anonymous_1)
FNDA:9,(anonymous_2)
FNDA:5,(anonymous_3)
FNDA:3,(anonymous_4)
FNDA:2,(anonymous_5)
FNDA:0,(anonymous_6)
FNDA:0,(anonymous_7)
FNDA:2,(anonymous_8)
FNDA:0,(anonymous_9)
FNDA:2,(anonymous_10)
FNDA:2,(anonymous_11)
DA:66,2
DA:68,2
DA:70,2
DA:72,2
DA:74,2
DA:76,2
DA:77,2
DA:79,2
DA:80,2
DA:85,4
DA:86,9
DA:87,9
DA:88,9
DA:89,9
DA:94,9
DA:99,5
DA:102,3
DA:103,3
DA:106,2
DA:107,1
DA:108,1
DA:110,1
DA:111,1
DA:115,0
DA:116,0
DA:117,0
DA:118,0
DA:123,2
DA:126,0
DA:127,0
DA:132,0
DA:136,2
DA:137,2
DA:138,2
DA:139,0
DA:141,2
DA:142,2
DA:146,2
DA:147,2
DA:148,1
DA:152,1
DA:154,1
LF:42
LH:34
BRDA:102,0,0,3
BRDA:102,0,1,1
BRDA:106,1,0,1
BRDA:106,1,1,1
BRDA:117,2,0,0
BRDA:117,2,1,0
BRDA:126,3,0,0
BRDA:126,3,1,0
BRDA:147,4,0,1
BRDA:147,4,1,1
BRF:10
BRH:6
end_of_record
TN:
SF:/Users/qiangmingliang/Documents/frontend-admin-template/src/views/layout/Layout.vue
FN:1,(anonymous_0)
FN:37,(anonymous_1)
FN:41,(anonymous_2)
FN:49,(anonymous_3)
FN:53,(anonymous_4)
FN:57,(anonymous_5)
FN:91,render
FNF:7
FNH:6
FNDA:3,(anonymous_0)
FNDA:0,(anonymous_1)
FNDA:1,(anonymous_2)
FNDA:1,(anonymous_3)
FNDA:1,(anonymous_4)
FNDA:1,(anonymous_5)
FNDA:2,render
DA:1,3
DA:4,3
DA:6,3
DA:8,3
DA:10,3
DA:14,3
DA:16,3
DA:18,3
DA:20,3
DA:22,3
DA:24,3
DA:26,3
DA:28,3
DA:30,3
DA:34,3
DA:35,3
DA:36,3
DA:38,0
DA:42,1
DA:50,1
DA:54,1
DA:58,1
DA:65,3
DA:67,3
DA:69,3
DA:71,3
DA:73,3
DA:75,3
DA:86,3
DA:88,3
DA:90,3
DA:91,3
DA:92,3
LF:33
LH:32
BRDA:54,0,0,0
BRDA:54,0,1,1
BRDA:90,1,0,3
BRDA:90,1,1,0
BRDA:90,2,0,3
BRDA:90,2,1,0
BRDA:91,3,0,2
BRDA:91,3,1,0
BRDA:91,4,0,0
BRDA:91,4,1,2
BRDA:91,5,0,2
BRDA:91,5,1,0
BRDA:91,6,0,2
BRDA:91,6,1,0
BRF:14
BRH:7
end_of_record
TN:
SF:/Users/qiangmingliang/Documents/frontend-admin-template/src/views/layout/components/AppMain.vue
FN:25,(anonymous_1)
FNF:1
FNH:0
FNDA:0,(anonymous_1)
DA:18,3
DA:20,3
DA:21,3
DA:23,6
DA:24,3
DA:26,0
LF:6
LH:5
BRDA:26,0,0,0
BRDA:26,0,1,0
BRF:2
BRH:0
end_of_record
TN:
SF:/Users/qiangmingliang/Documents/frontend-admin-template/src/views/layout/components/HeaderBar.vue
FN:135,(anonymous_1)
FN:163,(anonymous_2)
FN:168,(anonymous_3)
FN:171,(anonymous_4)
FN:177,(anonymous_5)
FN:178,(anonymous_6)
FNF:6
FNH:0
FNDA:0,(anonymous_1)
FNDA:0,(anonymous_2)
FNDA:0,(anonymous_3)
FNDA:0,(anonymous_4)
FNDA:0,(anonymous_5)
FNDA:0,(anonymous_6)
DA:120,3
DA:121,3
DA:122,3
DA:123,3
DA:124,3
DA:126,3
DA:127,3
DA:129,3
DA:130,3
DA:132,3
DA:133,3
DA:144,3
DA:145,3
DA:146,3
DA:147,3
DA:148,3
DA:149,3
DA:150,0
DA:151,0
DA:153,0
DA:164,0
DA:169,0
DA:172,0
DA:178,0
DA:180,0
LF:25
LH:17
BRF:0
BRH:0
end_of_record
TN:
SF:/Users/qiangmingliang/Documents/frontend-admin-template/src/views/layout/components/TagsView.vue
FN:66,(anonymous_1)
FN:81,(anonymous_2)
FN:89,(anonymous_3)
FN:93,(anonymous_4)
FN:98,(anonymous_5)
FN:105,(anonymous_6)
FN:108,(anonymous_7)
FN:114,(anonymous_8)
FN:117,(anonymous_9)
FN:120,(anonymous_10)
FN:127,(anonymous_11)
FN:131,(anonymous_12)
FN:140,(anonymous_13)
FN:141,(anonymous_14)
FN:152,(anonymous_15)
FN:154,(anonymous_16)
FN:158,(anonymous_17)
FN:162,(anonymous_18)
FN:169,(anonymous_19)
FN:172,(anonymous_20)
FNF:20
FNH:0
FNDA:0,(anonymous_1)
FNDA:0,(anonymous_2)
FNDA:0,(anonymous_3)
FNDA:0,(anonymous_4)
FNDA:0,(anonymous_5)
FNDA:0,(anonymous_6)
FNDA:0,(anonymous_7)
FNDA:0,(anonymous_8)
FNDA:0,(anonymous_9)
FNDA:0,(anonymous_10)
FNDA:0,(anonymous_11)
FNDA:0,(anonymous_12)
FNDA:0,(anonymous_13)
FNDA:0,(anonymous_14)
FNDA:0,(anonymous_15)
FNDA:0,(anonymous_16)
FNDA:0,(anonymous_17)
FNDA:0,(anonymous_18)
FNDA:0,(anonymous_19)
FNDA:0,(anonymous_20)
DA:55,3
DA:57,3
DA:59,3
DA:60,3
DA:61,3
DA:63,3
DA:64,3
DA:71,3
DA:72,3
DA:73,3
DA:74,3
DA:75,3
DA:80,0
DA:82,0
DA:90,0
DA:93,3
DA:94,0
DA:95,0
DA:98,3
DA:99,0
DA:100,0
DA:102,0
DA:106,0
DA:109,0
DA:110,0
DA:112,0
DA:115,0
DA:118,0
DA:121,0
DA:122,0
DA:123,0
DA:125,0
DA:128,0
DA:129,0
DA:130,0
DA:131,0
DA:132,0
DA:133,0
DA:134,0
DA:135,0
DA:141,0
DA:142,0
DA:143,0
DA:144,0
DA:145,0
DA:147,0
DA:153,0
DA:154,0
DA:155,0
DA:159,0
DA:160,0
DA:163,0
DA:164,0
DA:165,0
DA:166,0
DA:167,0
DA:170,0
DA:173,0
DA:174,0
LF:59
LH:14
BRDA:99,0,0,0
BRDA:99,0,1,0
BRDA:109,1,0,0
BRDA:109,1,1,0
BRDA:122,2,0,0
BRDA:122,2,1,0
BRDA:130,3,0,0
BRDA:130,3,1,0
BRDA:133,4,0,0
BRDA:133,4,1,0
BRDA:142,5,0,0
BRDA:142,5,1,0
BRDA:144,6,0,0
BRDA:144,6,1,0
BRF:14
BRH:0
end_of_record
TN:
SF:/Users/qiangmingliang/Documents/frontend-admin-template/src/views/layout/components/index.ts
FNF:0
FNH:0
DA:1,3
DA:2,3
DA:3,3
DA:4,3
LF:4
LH:4
BRF:0
BRH:0
end_of_record
TN:
SF:/Users/qiangmingliang/Documents/frontend-admin-template/src/views/layout/components/Sidebar/SidebarItem.vue
FN:91,(anonymous_1)
FN:104,(anonymous_2)
FN:105,(anonymous_3)
FN:110,(anonymous_4)
FN:97,(anonymous_5)
FNF:5
FNH:5
FNDA:5,(anonymous_1)
FNDA:3,(anonymous_2)
FNDA:6,(anonymous_3)
FNDA:3,(anonymous_4)
FNDA:5,(anonymous_5)
DA:88,4
DA:89,4
DA:94,4
DA:98,5
DA:101,4
DA:102,4
DA:103,5
DA:105,3
DA:106,6
DA:108,3
DA:111,3
DA:112,1
DA:114,2
LF:13
LH:13
BRDA:108,0,0,1
BRDA:108,0,1,2
BRDA:111,1,0,1
BRDA:111,1,1,2
BRF:4
BRH:4
end_of_record
TN:
SF:/Users/qiangmingliang/Documents/frontend-admin-template/src/views/layout/components/Sidebar/index.vue
FN:38,(anonymous_1)
FN:53,(anonymous_2)
FN:59,(anonymous_3)
FN:64,(anonymous_4)
FN:67,(anonymous_5)
FN:70,(anonymous_6)
FN:72,(anonymous_7)
FN:86,(anonymous_8)
FN:95,(anonymous_9)
FN:96,(anonymous_10)
FN:113,(anonymous_11)
FN:116,(anonymous_12)
FN:139,(anonymous_13)
FN:146,(anonymous_14)
FN:159,(anonymous_15)
FNF:15
FNH:0
FNDA:0,(anonymous_1)
FNDA:0,(anonymous_2)
FNDA:0,(anonymous_3)
FNDA:0,(anonymous_4)
FNDA:0,(anonymous_5)
FNDA:0,(anonymous_6)
FNDA:0,(anonymous_7)
FNDA:0,(anonymous_8)
FNDA:0,(anonymous_9)
FNDA:0,(anonymous_10)
FNDA:0,(anonymous_11)
FNDA:0,(anonymous_12)
FNDA:0,(anonymous_13)
FNDA:0,(anonymous_14)
FNDA:0,(anonymous_15)
DA:26,3
DA:28,3
DA:30,3
DA:31,3
DA:33,3
DA:34,3
DA:35,3
DA:36,3
DA:43,3
DA:44,3
DA:45,3
DA:46,3
DA:47,3
DA:48,3
DA:49,3
DA:50,0
DA:54,0
DA:60,0
DA:65,0
DA:68,0
DA:71,0
DA:72,0
DA:73,0
DA:74,0
DA:75,0
DA:76,0
DA:80,0
DA:81,0
DA:82,0
DA:83,0
DA:87,0
DA:88,0
DA:90,0
DA:91,0
DA:93,0
DA:96,0
DA:99,0
DA:103,0
DA:105,0
DA:106,0
DA:108,0
DA:114,0
DA:115,0
DA:116,0
DA:119,0
DA:120,0
DA:121,0
DA:122,0
DA:128,0
DA:129,0
DA:130,0
DA:132,0
DA:133,0
DA:135,0
DA:137,0
DA:140,0
DA:141,0
DA:142,0
DA:144,0
DA:147,0
DA:148,0
DA:149,0
DA:150,0
DA:151,0
DA:160,0
DA:161,0
DA:162,0
DA:163,0
DA:164,0
LF:69
LH:15
BRDA:73,0,0,0
BRDA:73,0,1,0
BRDA:73,1,0,0
BRDA:73,1,1,0
BRDA:73,1,2,0
BRDA:75,2,0,0
BRDA:75,2,1,0
BRDA:75,3,0,0
BRDA:75,3,1,0
BRDA:80,4,0,0
BRDA:80,4,1,0
BRDA:87,5,0,0
BRDA:87,5,1,0
BRDA:87,6,0,0
BRDA:87,6,1,0
BRDA:90,7,0,0
BRDA:90,7,1,0
BRDA:99,8,0,0
BRDA:99,8,1,0
BRDA:99,9,0,0
BRDA:99,9,1,0
BRDA:99,9,2,0
BRDA:105,10,0,0
BRDA:105,10,1,0
BRDA:105,11,0,0
BRDA:105,11,1,0
BRDA:114,12,0,0
BRDA:114,12,1,0
BRDA:114,13,0,0
BRDA:114,13,1,0
BRDA:119,14,0,0
BRDA:119,14,1,0
BRDA:119,15,0,0
BRDA:119,15,1,0
BRDA:119,15,2,0
BRDA:121,16,0,0
BRDA:121,16,1,0
BRDA:121,17,0,0
BRDA:121,17,1,0
BRDA:128,18,0,0
BRDA:128,18,1,0
BRDA:132,19,0,0
BRDA:132,19,1,0
BRDA:141,20,0,0
BRDA:141,20,1,0
BRDA:148,21,0,0
BRDA:148,21,1,0
BRDA:148,22,0,0
BRDA:148,22,1,0
BRDA:160,23,0,0
BRDA:160,23,1,0
BRF:51
BRH:0
end_of_record
TN:
SF:/Users/qiangmingliang/Documents/frontend-admin-template/src/views/layout/mixin/ResizeHandler.ts
FN:23,(anonymous_0)
FN:26,(anonymous_1)
FN:30,(anonymous_2)
FN:35,(anonymous_3)
FN:38,(anonymous_4)
FN:45,(anonymous_5)
FN:49,(anonymous_6)
FNF:7
FNH:3
FNDA:0,(anonymous_0)
FNDA:0,(anonymous_1)
FNDA:0,(anonymous_2)
FNDA:1,(anonymous_3)
FNDA:1,(anonymous_4)
FNDA:1,(anonymous_5)
FNDA:0,(anonymous_6)
DA:1,3
DA:2,3
DA:3,3
DA:11,3
DA:12,3
DA:13,3
DA:16,3
DA:17,3
DA:18,3
DA:19,3
DA:22,3
DA:24,0
DA:27,0
DA:30,3
DA:31,0
DA:32,0
DA:36,1
DA:39,1
DA:40,1
DA:41,1
DA:42,1
DA:46,1
DA:47,1
DA:50,0
DA:51,0
DA:52,0
DA:53,0
DA:54,0
LF:28
LH:19
BRDA:31,0,0,0
BRDA:31,0,1,0
BRDA:31,1,0,0
BRDA:31,1,1,0
BRDA:40,2,0,1
BRDA:40,2,1,0
BRDA:50,3,0,0
BRDA:50,3,1,0
BRDA:52,4,0,0
BRDA:52,4,1,0
BRDA:53,5,0,0
BRDA:53,5,1,0
BRF:12
BRH:1
end_of_record
